* using log directory ‘/export/home/brian/git_projects/multimolang/multimolang.Rcheck’
* using R version 4.4.2 (2024-10-31)
* using platform: x86_64-pc-linux-gnu
* R was compiled by
    gcc (Ubuntu 11.4.0-1ubuntu1~22.04) 11.4.0
    GNU Fortran (Ubuntu 11.4.0-1ubuntu1~22.04) 11.4.0
* running under: Ubuntu 22.04.4 LTS
* using session charset: UTF-8
* using option ‘--as-cran’
* checking for file ‘multimolang/DESCRIPTION’ ... OK
* checking extension type ... Package
* this is package ‘multimolang’ version ‘0.1.0’
* package encoding: UTF-8
* checking CRAN incoming feasibility ... NOTE
Maintainer: ‘Brian Herreño Jiménez <brian.herreno@um.es>’

New submission

Found the following (possibly) invalid URLs:
  URL: https://github.com/tu_usuario/multimolang
    From: DESCRIPTION
    Status: 404
    Message: Not Found
  URL: https://github.com/tu_usuario/multimolang/issues
    From: DESCRIPTION
    Status: 404
    Message: Not Found
* checking package namespace information ... OK
* checking package dependencies ... OK
* checking if this is a source package ... OK
* checking if there is a namespace ... OK
* checking for executable files ... OK
* checking for hidden files and directories ... OK
* checking for portable file names ... ERROR
Found the following non-portable file paths:
  multimolang/inst/extdata/example_videos/output1/2006-01-14_0600_US_KTTV-FOX_Ten_OClock_News_273-275_ID202_back_then_000000000000_keypoints.json
  multimolang/inst/extdata/example_videos/output1/2006-01-14_0600_US_KTTV-FOX_Ten_OClock_News_273-275_ID202_back_then_000000000001_keypoints.json
  multimolang/inst/extdata/example_videos/output1/2006-01-14_0600_US_KTTV-FOX_Ten_OClock_News_273-275_ID202_back_then_000000000002_keypoints.json
  multimolang/inst/extdata/example_videos/output1/2006-01-14_0600_US_KTTV-FOX_Ten_OClock_News_273-275_ID202_back_then_000000000003_keypoints.json
  multimolang/inst/extdata/example_videos/output1/2006-01-14_0600_US_KTTV-FOX_Ten_OClock_News_273-275_ID202_back_then_000000000004_keypoints.json
  multimolang/inst/extdata/example_videos/output1/2006-01-14_0600_US_KTTV-FOX_Ten_OClock_News_273-275_ID202_back_then_000000000005_keypoints.json
  multimolang/inst/extdata/example_videos/output1/2006-01-14_0600_US_KTTV-FOX_Ten_OClock_News_273-275_ID202_back_then_000000000006_keypoints.json
  multimolang/inst/extdata/example_videos/output1/2006-01-14_0600_US_KTTV-FOX_Ten_OClock_News_273-275_ID202_back_then_000000000007_keypoints.json
  multimolang/inst/extdata/example_videos/output1/2006-01-14_0600_US_KTTV-FOX_Ten_OClock_News_273-275_ID202_back_then_000000000008_keypoints.json
  multimolang/inst/extdata/example_videos/output1/2006-01-14_0600_US_KTTV-FOX_Ten_OClock_News_273-275_ID202_back_then_000000000009_keypoints.json
  multimolang/inst/extdata/example_videos/output1/2006-01-14_0600_US_KTTV-FOX_Ten_OClock_News_273-275_ID202_back_then_000000000010_keypoints.json
  multimolang/inst/extdata/example_videos/output1/2006-01-14_0600_US_KTTV-FOX_Ten_OClock_News_273-275_ID202_back_then_000000000011_keypoints.json
  multimolang/inst/extdata/example_videos/output1/2006-01-14_0600_US_KTTV-FOX_Ten_OClock_News_273-275_ID202_back_then_000000000012_keypoints.json
  multimolang/inst/extdata/example_videos/output1/2006-01-14_0600_US_KTTV-FOX_Ten_OClock_News_273-275_ID202_back_then_000000000013_keypoints.json
  multimolang/inst/extdata/example_videos/output1/2006-01-14_0600_US_KTTV-FOX_Ten_OClock_News_273-275_ID202_back_then_000000000014_keypoints.json
  multimolang/inst/extdata/example_videos/output1/2006-01-14_0600_US_KTTV-FOX_Ten_OClock_News_273-275_ID202_back_then_000000000015_keypoints.json
  multimolang/inst/extdata/example_videos/output1/2006-01-14_0600_US_KTTV-FOX_Ten_OClock_News_273-275_ID202_back_then_000000000016_keypoints.json
  multimolang/inst/extdata/example_videos/output1/2006-01-14_0600_US_KTTV-FOX_Ten_OClock_News_273-275_ID202_back_then_000000000017_keypoints.json
  multimolang/inst/extdata/example_videos/output1/2006-01-14_0600_US_KTTV-FOX_Ten_OClock_News_273-275_ID202_back_then_000000000018_keypoints.json
  multimolang/inst/extdata/example_videos/output1/2006-01-14_0600_US_KTTV-FOX_Ten_OClock_News_273-275_ID202_back_then_000000000019_keypoints.json
  multimolang/inst/extdata/example_videos/output1/2006-01-14_0600_US_KTTV-FOX_Ten_OClock_News_273-275_ID202_back_then_000000000020_keypoints.json
  multimolang/inst/extdata/example_videos/output1/2006-01-14_0600_US_KTTV-FOX_Ten_OClock_News_273-275_ID202_back_then_000000000021_keypoints.json
  multimolang/inst/extdata/example_videos/output1/2006-01-14_0600_US_KTTV-FOX_Ten_OClock_News_273-275_ID202_back_then_000000000022_keypoints.json
  multimolang/inst/extdata/example_videos/output1/2006-01-14_0600_US_KTTV-FOX_Ten_OClock_News_273-275_ID202_back_then_000000000023_keypoints.json
  multimolang/inst/extdata/example_videos/output1/2006-01-14_0600_US_KTTV-FOX_Ten_OClock_News_273-275_ID202_back_then_000000000024_keypoints.json
  multimolang/inst/extdata/example_videos/output1/2006-01-14_0600_US_KTTV-FOX_Ten_OClock_News_273-275_ID202_back_then_000000000025_keypoints.json
  multimolang/inst/extdata/example_videos/output1/2006-01-14_0600_US_KTTV-FOX_Ten_OClock_News_273-275_ID202_back_then_000000000026_keypoints.json
  multimolang/inst/extdata/example_videos/output1/2006-01-14_0600_US_KTTV-FOX_Ten_OClock_News_273-275_ID202_back_then_000000000027_keypoints.json
  multimolang/inst/extdata/example_videos/output1/2006-01-14_0600_US_KTTV-FOX_Ten_OClock_News_273-275_ID202_back_then_000000000028_keypoints.json
  multimolang/inst/extdata/example_videos/output1/2006-01-14_0600_US_KTTV-FOX_Ten_OClock_News_273-275_ID202_back_then_000000000029_keypoints.json
  multimolang/inst/extdata/example_videos/output1/2006-01-14_0600_US_KTTV-FOX_Ten_OClock_News_273-275_ID202_back_then_000000000030_keypoints.json
  multimolang/inst/extdata/example_videos/output1/2006-01-14_0600_US_KTTV-FOX_Ten_OClock_News_273-275_ID202_back_then_000000000031_keypoints.json
  multimolang/inst/extdata/example_videos/output1/2006-01-14_0600_US_KTTV-FOX_Ten_OClock_News_273-275_ID202_back_then_000000000032_keypoints.json
  multimolang/inst/extdata/example_videos/output1/2006-01-14_0600_US_KTTV-FOX_Ten_OClock_News_273-275_ID202_back_then_000000000033_keypoints.json
  multimolang/inst/extdata/example_videos/output1/2006-01-14_0600_US_KTTV-FOX_Ten_OClock_News_273-275_ID202_back_then_000000000034_keypoints.json
  multimolang/inst/extdata/example_videos/output1/2006-01-14_0600_US_KTTV-FOX_Ten_OClock_News_273-275_ID202_back_then_000000000035_keypoints.json
  multimolang/inst/extdata/example_videos/output1/2006-01-14_0600_US_KTTV-FOX_Ten_OClock_News_273-275_ID202_back_then_000000000036_keypoints.json
  multimolang/inst/extdata/example_videos/output1/2006-01-14_0600_US_KTTV-FOX_Ten_OClock_News_273-275_ID202_back_then_000000000037_keypoints.json
  multimolang/inst/extdata/example_videos/output1/2006-01-14_0600_US_KTTV-FOX_Ten_OClock_News_273-275_ID202_back_then_000000000038_keypoints.json
  multimolang/inst/extdata/example_videos/output1/2006-01-14_0600_US_KTTV-FOX_Ten_OClock_News_273-275_ID202_back_then_000000000039_keypoints.json
  multimolang/inst/extdata/example_videos/output1/2006-01-14_0600_US_KTTV-FOX_Ten_OClock_News_273-275_ID202_back_then_000000000040_keypoints.json
  multimolang/inst/extdata/example_videos/output1/2006-01-14_0600_US_KTTV-FOX_Ten_OClock_News_273-275_ID202_back_then_000000000041_keypoints.json
  multimolang/inst/extdata/example_videos/output1/2006-01-14_0600_US_KTTV-FOX_Ten_OClock_News_273-275_ID202_back_then_000000000042_keypoints.json
  multimolang/inst/extdata/example_videos/output1/2006-01-14_0600_US_KTTV-FOX_Ten_OClock_News_273-275_ID202_back_then_000000000043_keypoints.json
  multimolang/inst/extdata/example_videos/output1/2006-01-14_0600_US_KTTV-FOX_Ten_OClock_News_273-275_ID202_back_then_000000000044_keypoints.json
  multimolang/inst/extdata/example_videos/output1/2006-01-14_0600_US_KTTV-FOX_Ten_OClock_News_273-275_ID202_back_then_000000000045_keypoints.json
  multimolang/inst/extdata/example_videos/output1/2006-01-14_0600_US_KTTV-FOX_Ten_OClock_News_273-275_ID202_back_then_000000000046_keypoints.json
  multimolang/inst/extdata/example_videos/output1/2006-01-14_0600_US_KTTV-FOX_Ten_OClock_News_273-275_ID202_back_then_000000000047_keypoints.json
  multimolang/inst/extdata/example_videos/output1/2006-01-14_0600_US_KTTV-FOX_Ten_OClock_News_273-275_ID202_back_then_000000000048_keypoints.json
  multimolang/inst/extdata/example_videos/output1/2006-01-14_0600_US_KTTV-FOX_Ten_OClock_News_273-275_ID202_back_then_000000000049_keypoints.json
  multimolang/inst/extdata/example_videos/output1/2006-01-14_0600_US_KTTV-FOX_Ten_OClock_News_273-275_ID202_back_then_000000000050_keypoints.json
  multimolang/inst/extdata/example_videos/output1/2006-01-14_0600_US_KTTV-FOX_Ten_OClock_News_273-275_ID202_back_then_000000000051_keypoints.json
  multimolang/inst/extdata/example_videos/output1/2006-01-14_0600_US_KTTV-FOX_Ten_OClock_News_273-275_ID202_back_then_000000000052_keypoints.json
  multimolang/inst/extdata/example_videos/output1/2006-01-14_0600_US_KTTV-FOX_Ten_OClock_News_273-275_ID202_back_then_000000000053_keypoints.json
  multimolang/inst/extdata/example_videos/output1/2006-01-14_0600_US_KTTV-FOX_Ten_OClock_News_273-275_ID202_back_then_000000000054_keypoints.json
  multimolang/inst/extdata/example_videos/output1/2006-01-14_0600_US_KTTV-FOX_Ten_OClock_News_273-275_ID202_back_then_000000000055_keypoints.json
  multimolang/inst/extdata/example_videos/output1/2006-01-14_0600_US_KTTV-FOX_Ten_OClock_News_273-275_ID202_back_then_000000000056_keypoints.json
  multimolang/inst/extdata/example_videos/output1/2006-01-14_0600_US_KTTV-FOX_Ten_OClock_News_273-275_ID202_back_then_000000000057_keypoints.json
  multimolang/inst/extdata/example_videos/output1/2006-01-14_0600_US_KTTV-FOX_Ten_OClock_News_273-275_ID202_back_then_000000000058_keypoints.json
  multimolang/inst/extdata/example_videos/output1/2006-01-14_0600_US_KTTV-FOX_Ten_OClock_News_273-275_ID202_back_then_000000000059_keypoints.json
  multimolang/inst/extdata/example_videos/output2/2008-04-15_0600_US_KCET_Tavis_Smiley_239-242_ID678_far_in_the_future_000000000000_keypoints.json
  multimolang/inst/extdata/example_videos/output2/2008-04-15_0600_US_KCET_Tavis_Smiley_239-242_ID678_far_in_the_future_000000000001_keypoints.json
  multimolang/inst/extdata/example_videos/output2/2008-04-15_0600_US_KCET_Tavis_Smiley_239-242_ID678_far_in_the_future_000000000002_keypoints.json
  multimolang/inst/extdata/example_videos/output2/2008-04-15_0600_US_KCET_Tavis_Smiley_239-242_ID678_far_in_the_future_000000000003_keypoints.json
  multimolang/inst/extdata/example_videos/output2/2008-04-15_0600_US_KCET_Tavis_Smiley_239-242_ID678_far_in_the_future_000000000004_keypoints.json
  multimolang/inst/extdata/example_videos/output2/2008-04-15_0600_US_KCET_Tavis_Smiley_239-242_ID678_far_in_the_future_000000000005_keypoints.json
  multimolang/inst/extdata/example_videos/output2/2008-04-15_0600_US_KCET_Tavis_Smiley_239-242_ID678_far_in_the_future_000000000006_keypoints.json
  multimolang/inst/extdata/example_videos/output2/2008-04-15_0600_US_KCET_Tavis_Smiley_239-242_ID678_far_in_the_future_000000000007_keypoints.json
  multimolang/inst/extdata/example_videos/output2/2008-04-15_0600_US_KCET_Tavis_Smiley_239-242_ID678_far_in_the_future_000000000008_keypoints.json
  multimolang/inst/extdata/example_videos/output2/2008-04-15_0600_US_KCET_Tavis_Smiley_239-242_ID678_far_in_the_future_000000000009_keypoints.json
  multimolang/inst/extdata/example_videos/output2/2008-04-15_0600_US_KCET_Tavis_Smiley_239-242_ID678_far_in_the_future_000000000010_keypoints.json
  multimolang/inst/extdata/example_videos/output2/2008-04-15_0600_US_KCET_Tavis_Smiley_239-242_ID678_far_in_the_future_000000000011_keypoints.json
  multimolang/inst/extdata/example_videos/output2/2008-04-15_0600_US_KCET_Tavis_Smiley_239-242_ID678_far_in_the_future_000000000012_keypoints.json
  multimolang/inst/extdata/example_videos/output2/2008-04-15_0600_US_KCET_Tavis_Smiley_239-242_ID678_far_in_the_future_000000000013_keypoints.json
  multimolang/inst/extdata/example_videos/output2/2008-04-15_0600_US_KCET_Tavis_Smiley_239-242_ID678_far_in_the_future_000000000014_keypoints.json
  multimolang/inst/extdata/example_videos/output2/2008-04-15_0600_US_KCET_Tavis_Smiley_239-242_ID678_far_in_the_future_000000000015_keypoints.json
  multimolang/inst/extdata/example_videos/output2/2008-04-15_0600_US_KCET_Tavis_Smiley_239-242_ID678_far_in_the_future_000000000016_keypoints.json
  multimolang/inst/extdata/example_videos/output2/2008-04-15_0600_US_KCET_Tavis_Smiley_239-242_ID678_far_in_the_future_000000000017_keypoints.json
  multimolang/inst/extdata/example_videos/output2/2008-04-15_0600_US_KCET_Tavis_Smiley_239-242_ID678_far_in_the_future_000000000018_keypoints.json
  multimolang/inst/extdata/example_videos/output2/2008-04-15_0600_US_KCET_Tavis_Smiley_239-242_ID678_far_in_the_future_000000000019_keypoints.json
  multimolang/inst/extdata/example_videos/output2/2008-04-15_0600_US_KCET_Tavis_Smiley_239-242_ID678_far_in_the_future_000000000020_keypoints.json
  multimolang/inst/extdata/example_videos/output2/2008-04-15_0600_US_KCET_Tavis_Smiley_239-242_ID678_far_in_the_future_000000000021_keypoints.json
  multimolang/inst/extdata/example_videos/output2/2008-04-15_0600_US_KCET_Tavis_Smiley_239-242_ID678_far_in_the_future_000000000022_keypoints.json
  multimolang/inst/extdata/example_videos/output2/2008-04-15_0600_US_KCET_Tavis_Smiley_239-242_ID678_far_in_the_future_000000000023_keypoints.json
  multimolang/inst/extdata/example_videos/output2/2008-04-15_0600_US_KCET_Tavis_Smiley_239-242_ID678_far_in_the_future_000000000024_keypoints.json
  multimolang/inst/extdata/example_videos/output2/2008-04-15_0600_US_KCET_Tavis_Smiley_239-242_ID678_far_in_the_future_000000000025_keypoints.json
  multimolang/inst/extdata/example_videos/output2/2008-04-15_0600_US_KCET_Tavis_Smiley_239-242_ID678_far_in_the_future_000000000026_keypoints.json
  multimolang/inst/extdata/example_videos/output2/2008-04-15_0600_US_KCET_Tavis_Smiley_239-242_ID678_far_in_the_future_000000000027_keypoints.json
  multimolang/inst/extdata/example_videos/output2/2008-04-15_0600_US_KCET_Tavis_Smiley_239-242_ID678_far_in_the_future_000000000028_keypoints.json
  multimolang/inst/extdata/example_videos/output2/2008-04-15_0600_US_KCET_Tavis_Smiley_239-242_ID678_far_in_the_future_000000000029_keypoints.json
  multimolang/inst/extdata/example_videos/output2/2008-04-15_0600_US_KCET_Tavis_Smiley_239-242_ID678_far_in_the_future_000000000030_keypoints.json
  multimolang/inst/extdata/example_videos/output2/2008-04-15_0600_US_KCET_Tavis_Smiley_239-242_ID678_far_in_the_future_000000000031_keypoints.json
  multimolang/inst/extdata/example_videos/output2/2008-04-15_0600_US_KCET_Tavis_Smiley_239-242_ID678_far_in_the_future_000000000032_keypoints.json
  multimolang/inst/extdata/example_videos/output2/2008-04-15_0600_US_KCET_Tavis_Smiley_239-242_ID678_far_in_the_future_000000000033_keypoints.json
  multimolang/inst/extdata/example_videos/output2/2008-04-15_0600_US_KCET_Tavis_Smiley_239-242_ID678_far_in_the_future_000000000034_keypoints.json
  multimolang/inst/extdata/example_videos/output2/2008-04-15_0600_US_KCET_Tavis_Smiley_239-242_ID678_far_in_the_future_000000000035_keypoints.json
  multimolang/inst/extdata/example_videos/output2/2008-04-15_0600_US_KCET_Tavis_Smiley_239-242_ID678_far_in_the_future_000000000036_keypoints.json
  multimolang/inst/extdata/example_videos/output2/2008-04-15_0600_US_KCET_Tavis_Smiley_239-242_ID678_far_in_the_future_000000000037_keypoints.json
  multimolang/inst/extdata/example_videos/output2/2008-04-15_0600_US_KCET_Tavis_Smiley_239-242_ID678_far_in_the_future_000000000038_keypoints.json
  multimolang/inst/extdata/example_videos/output2/2008-04-15_0600_US_KCET_Tavis_Smiley_239-242_ID678_far_in_the_future_000000000039_keypoints.json
  multimolang/inst/extdata/example_videos/output2/2008-04-15_0600_US_KCET_Tavis_Smiley_239-242_ID678_far_in_the_future_000000000040_keypoints.json
  multimolang/inst/extdata/example_videos/output2/2008-04-15_0600_US_KCET_Tavis_Smiley_239-242_ID678_far_in_the_future_000000000041_keypoints.json
  multimolang/inst/extdata/example_videos/output2/2008-04-15_0600_US_KCET_Tavis_Smiley_239-242_ID678_far_in_the_future_000000000042_keypoints.json
  multimolang/inst/extdata/example_videos/output2/2008-04-15_0600_US_KCET_Tavis_Smiley_239-242_ID678_far_in_the_future_000000000043_keypoints.json
  multimolang/inst/extdata/example_videos/output2/2008-04-15_0600_US_KCET_Tavis_Smiley_239-242_ID678_far_in_the_future_000000000044_keypoints.json
  multimolang/inst/extdata/example_videos/output2/2008-04-15_0600_US_KCET_Tavis_Smiley_239-242_ID678_far_in_the_future_000000000045_keypoints.json
  multimolang/inst/extdata/example_videos/output2/2008-04-15_0600_US_KCET_Tavis_Smiley_239-242_ID678_far_in_the_future_000000000046_keypoints.json
  multimolang/inst/extdata/example_videos/output2/2008-04-15_0600_US_KCET_Tavis_Smiley_239-242_ID678_far_in_the_future_000000000047_keypoints.json
  multimolang/inst/extdata/example_videos/output2/2008-04-15_0600_US_KCET_Tavis_Smiley_239-242_ID678_far_in_the_future_000000000048_keypoints.json
  multimolang/inst/extdata/example_videos/output2/2008-04-15_0600_US_KCET_Tavis_Smiley_239-242_ID678_far_in_the_future_000000000049_keypoints.json
  multimolang/inst/extdata/example_videos/output2/2008-04-15_0600_US_KCET_Tavis_Smiley_239-242_ID678_far_in_the_future_000000000050_keypoints.json
  multimolang/inst/extdata/example_videos/output2/2008-04-15_0600_US_KCET_Tavis_Smiley_239-242_ID678_far_in_the_future_000000000051_keypoints.json
  multimolang/inst/extdata/example_videos/output2/2008-04-15_0600_US_KCET_Tavis_Smiley_239-242_ID678_far_in_the_future_000000000052_keypoints.json
  multimolang/inst/extdata/example_videos/output2/2008-04-15_0600_US_KCET_Tavis_Smiley_239-242_ID678_far_in_the_future_000000000053_keypoints.json
  multimolang/inst/extdata/example_videos/output2/2008-04-15_0600_US_KCET_Tavis_Smiley_239-242_ID678_far_in_the_future_000000000054_keypoints.json
  multimolang/inst/extdata/example_videos/output2/2008-04-15_0600_US_KCET_Tavis_Smiley_239-242_ID678_far_in_the_future_000000000055_keypoints.json
  multimolang/inst/extdata/example_videos/output2/2008-04-15_0600_US_KCET_Tavis_Smiley_239-242_ID678_far_in_the_future_000000000056_keypoints.json
  multimolang/inst/extdata/example_videos/output2/2008-04-15_0600_US_KCET_Tavis_Smiley_239-242_ID678_far_in_the_future_000000000057_keypoints.json
  multimolang/inst/extdata/example_videos/output2/2008-04-15_0600_US_KCET_Tavis_Smiley_239-242_ID678_far_in_the_future_000000000058_keypoints.json
  multimolang/inst/extdata/example_videos/output2/2008-04-15_0600_US_KCET_Tavis_Smiley_239-242_ID678_far_in_the_future_000000000059_keypoints.json
  multimolang/inst/extdata/example_videos/output2/2008-04-15_0600_US_KCET_Tavis_Smiley_239-242_ID678_far_in_the_future_000000000060_keypoints.json
  multimolang/inst/extdata/example_videos/output2/2008-04-15_0600_US_KCET_Tavis_Smiley_239-242_ID678_far_in_the_future_000000000061_keypoints.json
  multimolang/inst/extdata/example_videos/output2/2008-04-15_0600_US_KCET_Tavis_Smiley_239-242_ID678_far_in_the_future_000000000062_keypoints.json
  multimolang/inst/extdata/example_videos/output2/2008-04-15_0600_US_KCET_Tavis_Smiley_239-242_ID678_far_in_the_future_000000000063_keypoints.json
  multimolang/inst/extdata/example_videos/output2/2008-04-15_0600_US_KCET_Tavis_Smiley_239-242_ID678_far_in_the_future_000000000064_keypoints.json
  multimolang/inst/extdata/example_videos/output2/2008-04-15_0600_US_KCET_Tavis_Smiley_239-242_ID678_far_in_the_future_000000000065_keypoints.json
  multimolang/inst/extdata/example_videos/output2/2008-04-15_0600_US_KCET_Tavis_Smiley_239-242_ID678_far_in_the_future_000000000066_keypoints.json
  multimolang/inst/extdata/example_videos/output2/2008-04-15_0600_US_KCET_Tavis_Smiley_239-242_ID678_far_in_the_future_000000000067_keypoints.json
  multimolang/inst/extdata/example_videos/output2/2008-04-15_0600_US_KCET_Tavis_Smiley_239-242_ID678_far_in_the_future_000000000068_keypoints.json
  multimolang/inst/extdata/example_videos/output2/2008-04-15_0600_US_KCET_Tavis_Smiley_239-242_ID678_far_in_the_future_000000000069_keypoints.json
  multimolang/inst/extdata/example_videos/output2/2008-04-15_0600_US_KCET_Tavis_Smiley_239-242_ID678_far_in_the_future_000000000070_keypoints.json
  multimolang/inst/extdata/example_videos/output2/2008-04-15_0600_US_KCET_Tavis_Smiley_239-242_ID678_far_in_the_future_000000000071_keypoints.json
  multimolang/inst/extdata/example_videos/output2/2008-04-15_0600_US_KCET_Tavis_Smiley_239-242_ID678_far_in_the_future_000000000072_keypoints.json
  multimolang/inst/extdata/example_videos/output2/2008-04-15_0600_US_KCET_Tavis_Smiley_239-242_ID678_far_in_the_future_000000000073_keypoints.json
  multimolang/inst/extdata/example_videos/output2/2008-04-15_0600_US_KCET_Tavis_Smiley_239-242_ID678_far_in_the_future_000000000074_keypoints.json
  multimolang/inst/extdata/example_videos/output2/2008-04-15_0600_US_KCET_Tavis_Smiley_239-242_ID678_far_in_the_future_000000000075_keypoints.json
  multimolang/inst/extdata/example_videos/output2/2008-04-15_0600_US_KCET_Tavis_Smiley_239-242_ID678_far_in_the_future_000000000076_keypoints.json
  multimolang/inst/extdata/example_videos/output2/2008-04-15_0600_US_KCET_Tavis_Smiley_239-242_ID678_far_in_the_future_000000000077_keypoints.json
  multimolang/inst/extdata/example_videos/output2/2008-04-15_0600_US_KCET_Tavis_Smiley_239-242_ID678_far_in_the_future_000000000078_keypoints.json
  multimolang/inst/extdata/example_videos/output2/2008-04-15_0600_US_KCET_Tavis_Smiley_239-242_ID678_far_in_the_future_000000000079_keypoints.json
  multimolang/inst/extdata/example_videos/output2/2008-04-15_0600_US_KCET_Tavis_Smiley_239-242_ID678_far_in_the_future_000000000080_keypoints.json
  multimolang/inst/extdata/example_videos/output2/2008-04-15_0600_US_KCET_Tavis_Smiley_239-242_ID678_far_in_the_future_000000000081_keypoints.json
  multimolang/inst/extdata/example_videos/output2/2008-04-15_0600_US_KCET_Tavis_Smiley_239-242_ID678_far_in_the_future_000000000082_keypoints.json
  multimolang/inst/extdata/example_videos/output2/2008-04-15_0600_US_KCET_Tavis_Smiley_239-242_ID678_far_in_the_future_000000000083_keypoints.json
  multimolang/inst/extdata/example_videos/output2/2008-04-15_0600_US_KCET_Tavis_Smiley_239-242_ID678_far_in_the_future_000000000084_keypoints.json
  multimolang/inst/extdata/example_videos/output2/2008-04-15_0600_US_KCET_Tavis_Smiley_239-242_ID678_far_in_the_future_000000000085_keypoints.json
  multimolang/inst/extdata/example_videos/output2/2008-04-15_0600_US_KCET_Tavis_Smiley_239-242_ID678_far_in_the_future_000000000086_keypoints.json
  multimolang/inst/extdata/example_videos/output2/2008-04-15_0600_US_KCET_Tavis_Smiley_239-242_ID678_far_in_the_future_000000000087_keypoints.json
  multimolang/inst/extdata/example_videos/output2/2008-04-15_0600_US_KCET_Tavis_Smiley_239-242_ID678_far_in_the_future_000000000088_keypoints.json
  multimolang/inst/extdata/example_videos/output2/2008-04-15_0600_US_KCET_Tavis_Smiley_239-242_ID678_far_in_the_future_000000000089_keypoints.json
  multimolang/inst/extdata/example_videos/output3/2014-10-10_0600_US_KCAL_Entertainment_Tonight_374-380_ID933_from_beginning_to_end_000000000000_keypoints.json
  multimolang/inst/extdata/example_videos/output3/2014-10-10_0600_US_KCAL_Entertainment_Tonight_374-380_ID933_from_beginning_to_end_000000000001_keypoints.json
  multimolang/inst/extdata/example_videos/output3/2014-10-10_0600_US_KCAL_Entertainment_Tonight_374-380_ID933_from_beginning_to_end_000000000002_keypoints.json
  multimolang/inst/extdata/example_videos/output3/2014-10-10_0600_US_KCAL_Entertainment_Tonight_374-380_ID933_from_beginning_to_end_000000000003_keypoints.json
  multimolang/inst/extdata/example_videos/output3/2014-10-10_0600_US_KCAL_Entertainment_Tonight_374-380_ID933_from_beginning_to_end_000000000004_keypoints.json
  multimolang/inst/extdata/example_videos/output3/2014-10-10_0600_US_KCAL_Entertainment_Tonight_374-380_ID933_from_beginning_to_end_000000000005_keypoints.json
  multimolang/inst/extdata/example_videos/output3/2014-10-10_0600_US_KCAL_Entertainment_Tonight_374-380_ID933_from_beginning_to_end_000000000006_keypoints.json
  multimolang/inst/extdata/example_videos/output3/2014-10-10_0600_US_KCAL_Entertainment_Tonight_374-380_ID933_from_beginning_to_end_000000000007_keypoints.json
  multimolang/inst/extdata/example_videos/output3/2014-10-10_0600_US_KCAL_Entertainment_Tonight_374-380_ID933_from_beginning_to_end_000000000008_keypoints.json
  multimolang/inst/extdata/example_videos/output3/2014-10-10_0600_US_KCAL_Entertainment_Tonight_374-380_ID933_from_beginning_to_end_000000000009_keypoints.json
  multimolang/inst/extdata/example_videos/output3/2014-10-10_0600_US_KCAL_Entertainment_Tonight_374-380_ID933_from_beginning_to_end_000000000010_keypoints.json
  multimolang/inst/extdata/example_videos/output3/2014-10-10_0600_US_KCAL_Entertainment_Tonight_374-380_ID933_from_beginning_to_end_000000000011_keypoints.json
  multimolang/inst/extdata/example_videos/output3/2014-10-10_0600_US_KCAL_Entertainment_Tonight_374-380_ID933_from_beginning_to_end_000000000012_keypoints.json
  multimolang/inst/extdata/example_videos/output3/2014-10-10_0600_US_KCAL_Entertainment_Tonight_374-380_ID933_from_beginning_to_end_000000000013_keypoints.json
  multimolang/inst/extdata/example_videos/output3/2014-10-10_0600_US_KCAL_Entertainment_Tonight_374-380_ID933_from_beginning_to_end_000000000014_keypoints.json
  multimolang/inst/extdata/example_videos/output3/2014-10-10_0600_US_KCAL_Entertainment_Tonight_374-380_ID933_from_beginning_to_end_000000000015_keypoints.json
  multimolang/inst/extdata/example_videos/output3/2014-10-10_0600_US_KCAL_Entertainment_Tonight_374-380_ID933_from_beginning_to_end_000000000016_keypoints.json
  multimolang/inst/extdata/example_videos/output3/2014-10-10_0600_US_KCAL_Entertainment_Tonight_374-380_ID933_from_beginning_to_end_000000000017_keypoints.json
  multimolang/inst/extdata/example_videos/output3/2014-10-10_0600_US_KCAL_Entertainment_Tonight_374-380_ID933_from_beginning_to_end_000000000018_keypoints.json
  multimolang/inst/extdata/example_videos/output3/2014-10-10_0600_US_KCAL_Entertainment_Tonight_374-380_ID933_from_beginning_to_end_000000000019_keypoints.json
  multimolang/inst/extdata/example_videos/output3/2014-10-10_0600_US_KCAL_Entertainment_Tonight_374-380_ID933_from_beginning_to_end_000000000020_keypoints.json
  multimolang/inst/extdata/example_videos/output3/2014-10-10_0600_US_KCAL_Entertainment_Tonight_374-380_ID933_from_beginning_to_end_000000000021_keypoints.json
  multimolang/inst/extdata/example_videos/output3/2014-10-10_0600_US_KCAL_Entertainment_Tonight_374-380_ID933_from_beginning_to_end_000000000022_keypoints.json
  multimolang/inst/extdata/example_videos/output3/2014-10-10_0600_US_KCAL_Entertainment_Tonight_374-380_ID933_from_beginning_to_end_000000000023_keypoints.json
  multimolang/inst/extdata/example_videos/output3/2014-10-10_0600_US_KCAL_Entertainment_Tonight_374-380_ID933_from_beginning_to_end_000000000024_keypoints.json
  multimolang/inst/extdata/example_videos/output3/2014-10-10_0600_US_KCAL_Entertainment_Tonight_374-380_ID933_from_beginning_to_end_000000000025_keypoints.json
  multimolang/inst/extdata/example_videos/output3/2014-10-10_0600_US_KCAL_Entertainment_Tonight_374-380_ID933_from_beginning_to_end_000000000026_keypoints.json
  multimolang/inst/extdata/example_videos/output3/2014-10-10_0600_US_KCAL_Entertainment_Tonight_374-380_ID933_from_beginning_to_end_000000000027_keypoints.json
  multimolang/inst/extdata/example_videos/output3/2014-10-10_0600_US_KCAL_Entertainment_Tonight_374-380_ID933_from_beginning_to_end_000000000028_keypoints.json
  multimolang/inst/extdata/example_videos/output3/2014-10-10_0600_US_KCAL_Entertainment_Tonight_374-380_ID933_from_beginning_to_end_000000000029_keypoints.json
  multimolang/inst/extdata/example_videos/output3/2014-10-10_0600_US_KCAL_Entertainment_Tonight_374-380_ID933_from_beginning_to_end_000000000030_keypoints.json
  multimolang/inst/extdata/example_videos/output3/2014-10-10_0600_US_KCAL_Entertainment_Tonight_374-380_ID933_from_beginning_to_end_000000000031_keypoints.json
  multimolang/inst/extdata/example_videos/output3/2014-10-10_0600_US_KCAL_Entertainment_Tonight_374-380_ID933_from_beginning_to_end_000000000032_keypoints.json
  multimolang/inst/extdata/example_videos/output3/2014-10-10_0600_US_KCAL_Entertainment_Tonight_374-380_ID933_from_beginning_to_end_000000000033_keypoints.json
  multimolang/inst/extdata/example_videos/output3/2014-10-10_0600_US_KCAL_Entertainment_Tonight_374-380_ID933_from_beginning_to_end_000000000034_keypoints.json
  multimolang/inst/extdata/example_videos/output3/2014-10-10_0600_US_KCAL_Entertainment_Tonight_374-380_ID933_from_beginning_to_end_000000000035_keypoints.json
  multimolang/inst/extdata/example_videos/output3/2014-10-10_0600_US_KCAL_Entertainment_Tonight_374-380_ID933_from_beginning_to_end_000000000036_keypoints.json
  multimolang/inst/extdata/example_videos/output3/2014-10-10_0600_US_KCAL_Entertainment_Tonight_374-380_ID933_from_beginning_to_end_000000000037_keypoints.json
  multimolang/inst/extdata/example_videos/output3/2014-10-10_0600_US_KCAL_Entertainment_Tonight_374-380_ID933_from_beginning_to_end_000000000038_keypoints.json
  multimolang/inst/extdata/example_videos/output3/2014-10-10_0600_US_KCAL_Entertainment_Tonight_374-380_ID933_from_beginning_to_end_000000000039_keypoints.json
  multimolang/inst/extdata/example_videos/output3/2014-10-10_0600_US_KCAL_Entertainment_Tonight_374-380_ID933_from_beginning_to_end_000000000040_keypoints.json
  multimolang/inst/extdata/example_videos/output3/2014-10-10_0600_US_KCAL_Entertainment_Tonight_374-380_ID933_from_beginning_to_end_000000000041_keypoints.json
  multimolang/inst/extdata/example_videos/output3/2014-10-10_0600_US_KCAL_Entertainment_Tonight_374-380_ID933_from_beginning_to_end_000000000042_keypoints.json
  multimolang/inst/extdata/example_videos/output3/2014-10-10_0600_US_KCAL_Entertainment_Tonight_374-380_ID933_from_beginning_to_end_000000000043_keypoints.json
  multimolang/inst/extdata/example_videos/output3/2014-10-10_0600_US_KCAL_Entertainment_Tonight_374-380_ID933_from_beginning_to_end_000000000044_keypoints.json
  multimolang/inst/extdata/example_videos/output3/2014-10-10_0600_US_KCAL_Entertainment_Tonight_374-380_ID933_from_beginning_to_end_000000000045_keypoints.json
  multimolang/inst/extdata/example_videos/output3/2014-10-10_0600_US_KCAL_Entertainment_Tonight_374-380_ID933_from_beginning_to_end_000000000046_keypoints.json
  multimolang/inst/extdata/example_videos/output3/2014-10-10_0600_US_KCAL_Entertainment_Tonight_374-380_ID933_from_beginning_to_end_000000000047_keypoints.json
  multimolang/inst/extdata/example_videos/output3/2014-10-10_0600_US_KCAL_Entertainment_Tonight_374-380_ID933_from_beginning_to_end_000000000048_keypoints.json
  multimolang/inst/extdata/example_videos/output3/2014-10-10_0600_US_KCAL_Entertainment_Tonight_374-380_ID933_from_beginning_to_end_000000000049_keypoints.json
  multimolang/inst/extdata/example_videos/output3/2014-10-10_0600_US_KCAL_Entertainment_Tonight_374-380_ID933_from_beginning_to_end_000000000050_keypoints.json
  multimolang/inst/extdata/example_videos/output3/2014-10-10_0600_US_KCAL_Entertainment_Tonight_374-380_ID933_from_beginning_to_end_000000000051_keypoints.json
  multimolang/inst/extdata/example_videos/output3/2014-10-10_0600_US_KCAL_Entertainment_Tonight_374-380_ID933_from_beginning_to_end_000000000052_keypoints.json
  multimolang/inst/extdata/example_videos/output3/2014-10-10_0600_US_KCAL_Entertainment_Tonight_374-380_ID933_from_beginning_to_end_000000000053_keypoints.json
  multimolang/inst/extdata/example_videos/output3/2014-10-10_0600_US_KCAL_Entertainment_Tonight_374-380_ID933_from_beginning_to_end_000000000054_keypoints.json
  multimolang/inst/extdata/example_videos/output3/2014-10-10_0600_US_KCAL_Entertainment_Tonight_374-380_ID933_from_beginning_to_end_000000000055_keypoints.json
  multimolang/inst/extdata/example_videos/output3/2014-10-10_0600_US_KCAL_Entertainment_Tonight_374-380_ID933_from_beginning_to_end_000000000056_keypoints.json
  multimolang/inst/extdata/example_videos/output3/2014-10-10_0600_US_KCAL_Entertainment_Tonight_374-380_ID933_from_beginning_to_end_000000000057_keypoints.json
  multimolang/inst/extdata/example_videos/output3/2014-10-10_0600_US_KCAL_Entertainment_Tonight_374-380_ID933_from_beginning_to_end_000000000058_keypoints.json
  multimolang/inst/extdata/example_videos/output3/2014-10-10_0600_US_KCAL_Entertainment_Tonight_374-380_ID933_from_beginning_to_end_000000000059_keypoints.json
  multimolang/inst/extdata/example_videos/output3/2014-10-10_0600_US_KCAL_Entertainment_Tonight_374-380_ID933_from_beginning_to_end_000000000060_keypoints.json
  multimolang/inst/extdata/example_videos/output3/2014-10-10_0600_US_KCAL_Entertainment_Tonight_374-380_ID933_from_beginning_to_end_000000000061_keypoints.json
  multimolang/inst/extdata/example_videos/output3/2014-10-10_0600_US_KCAL_Entertainment_Tonight_374-380_ID933_from_beginning_to_end_000000000062_keypoints.json
  multimolang/inst/extdata/example_videos/output3/2014-10-10_0600_US_KCAL_Entertainment_Tonight_374-380_ID933_from_beginning_to_end_000000000063_keypoints.json
  multimolang/inst/extdata/example_videos/output3/2014-10-10_0600_US_KCAL_Entertainment_Tonight_374-380_ID933_from_beginning_to_end_000000000064_keypoints.json
  multimolang/inst/extdata/example_videos/output3/2014-10-10_0600_US_KCAL_Entertainment_Tonight_374-380_ID933_from_beginning_to_end_000000000065_keypoints.json
  multimolang/inst/extdata/example_videos/output3/2014-10-10_0600_US_KCAL_Entertainment_Tonight_374-380_ID933_from_beginning_to_end_000000000066_keypoints.json
  multimolang/inst/extdata/example_videos/output3/2014-10-10_0600_US_KCAL_Entertainment_Tonight_374-380_ID933_from_beginning_to_end_000000000067_keypoints.json
  multimolang/inst/extdata/example_videos/output3/2014-10-10_0600_US_KCAL_Entertainment_Tonight_374-380_ID933_from_beginning_to_end_000000000068_keypoints.json
  multimolang/inst/extdata/example_videos/output3/2014-10-10_0600_US_KCAL_Entertainment_Tonight_374-380_ID933_from_beginning_to_end_000000000069_keypoints.json
  multimolang/inst/extdata/example_videos/output3/2014-10-10_0600_US_KCAL_Entertainment_Tonight_374-380_ID933_from_beginning_to_end_000000000070_keypoints.json
  multimolang/inst/extdata/example_videos/output3/2014-10-10_0600_US_KCAL_Entertainment_Tonight_374-380_ID933_from_beginning_to_end_000000000071_keypoints.json
  multimolang/inst/extdata/example_videos/output3/2014-10-10_0600_US_KCAL_Entertainment_Tonight_374-380_ID933_from_beginning_to_end_000000000072_keypoints.json
  multimolang/inst/extdata/example_videos/output3/2014-10-10_0600_US_KCAL_Entertainment_Tonight_374-380_ID933_from_beginning_to_end_000000000073_keypoints.json
  multimolang/inst/extdata/example_videos/output3/2014-10-10_0600_US_KCAL_Entertainment_Tonight_374-380_ID933_from_beginning_to_end_000000000074_keypoints.json
  multimolang/inst/extdata/example_videos/output3/2014-10-10_0600_US_KCAL_Entertainment_Tonight_374-380_ID933_from_beginning_to_end_000000000075_keypoints.json
  multimolang/inst/extdata/example_videos/output3/2014-10-10_0600_US_KCAL_Entertainment_Tonight_374-380_ID933_from_beginning_to_end_000000000076_keypoints.json
  multimolang/inst/extdata/example_videos/output3/2014-10-10_0600_US_KCAL_Entertainment_Tonight_374-380_ID933_from_beginning_to_end_000000000077_keypoints.json
  multimolang/inst/extdata/example_videos/output3/2014-10-10_0600_US_KCAL_Entertainment_Tonight_374-380_ID933_from_beginning_to_end_000000000078_keypoints.json
  multimolang/inst/extdata/example_videos/output3/2014-10-10_0600_US_KCAL_Entertainment_Tonight_374-380_ID933_from_beginning_to_end_000000000079_keypoints.json
  multimolang/inst/extdata/example_videos/output3/2014-10-10_0600_US_KCAL_Entertainment_Tonight_374-380_ID933_from_beginning_to_end_000000000080_keypoints.json
  multimolang/inst/extdata/example_videos/output3/2014-10-10_0600_US_KCAL_Entertainment_Tonight_374-380_ID933_from_beginning_to_end_000000000081_keypoints.json
  multimolang/inst/extdata/example_videos/output3/2014-10-10_0600_US_KCAL_Entertainment_Tonight_374-380_ID933_from_beginning_to_end_000000000082_keypoints.json
  multimolang/inst/extdata/example_videos/output3/2014-10-10_0600_US_KCAL_Entertainment_Tonight_374-380_ID933_from_beginning_to_end_000000000083_keypoints.json
  multimolang/inst/extdata/example_videos/output3/2014-10-10_0600_US_KCAL_Entertainment_Tonight_374-380_ID933_from_beginning_to_end_000000000084_keypoints.json
  multimolang/inst/extdata/example_videos/output3/2014-10-10_0600_US_KCAL_Entertainment_Tonight_374-380_ID933_from_beginning_to_end_000000000085_keypoints.json
  multimolang/inst/extdata/example_videos/output3/2014-10-10_0600_US_KCAL_Entertainment_Tonight_374-380_ID933_from_beginning_to_end_000000000086_keypoints.json
  multimolang/inst/extdata/example_videos/output3/2014-10-10_0600_US_KCAL_Entertainment_Tonight_374-380_ID933_from_beginning_to_end_000000000087_keypoints.json
  multimolang/inst/extdata/example_videos/output3/2014-10-10_0600_US_KCAL_Entertainment_Tonight_374-380_ID933_from_beginning_to_end_000000000088_keypoints.json
  multimolang/inst/extdata/example_videos/output3/2014-10-10_0600_US_KCAL_Entertainment_Tonight_374-380_ID933_from_beginning_to_end_000000000089_keypoints.json
  multimolang/inst/extdata/example_videos/output3/2014-10-10_0600_US_KCAL_Entertainment_Tonight_374-380_ID933_from_beginning_to_end_000000000090_keypoints.json
  multimolang/inst/extdata/example_videos/output3/2014-10-10_0600_US_KCAL_Entertainment_Tonight_374-380_ID933_from_beginning_to_end_000000000091_keypoints.json
  multimolang/inst/extdata/example_videos/output3/2014-10-10_0600_US_KCAL_Entertainment_Tonight_374-380_ID933_from_beginning_to_end_000000000092_keypoints.json
  multimolang/inst/extdata/example_videos/output3/2014-10-10_0600_US_KCAL_Entertainment_Tonight_374-380_ID933_from_beginning_to_end_000000000093_keypoints.json
  multimolang/inst/extdata/example_videos/output3/2014-10-10_0600_US_KCAL_Entertainment_Tonight_374-380_ID933_from_beginning_to_end_000000000094_keypoints.json
  multimolang/inst/extdata/example_videos/output3/2014-10-10_0600_US_KCAL_Entertainment_Tonight_374-380_ID933_from_beginning_to_end_000000000095_keypoints.json
  multimolang/inst/extdata/example_videos/output3/2014-10-10_0600_US_KCAL_Entertainment_Tonight_374-380_ID933_from_beginning_to_end_000000000096_keypoints.json
  multimolang/inst/extdata/example_videos/output3/2014-10-10_0600_US_KCAL_Entertainment_Tonight_374-380_ID933_from_beginning_to_end_000000000097_keypoints.json
  multimolang/inst/extdata/example_videos/output3/2014-10-10_0600_US_KCAL_Entertainment_Tonight_374-380_ID933_from_beginning_to_end_000000000098_keypoints.json
  multimolang/inst/extdata/example_videos/output3/2014-10-10_0600_US_KCAL_Entertainment_Tonight_374-380_ID933_from_beginning_to_end_000000000099_keypoints.json
  multimolang/inst/extdata/example_videos/output3/2014-10-10_0600_US_KCAL_Entertainment_Tonight_374-380_ID933_from_beginning_to_end_000000000100_keypoints.json
  multimolang/inst/extdata/example_videos/output3/2014-10-10_0600_US_KCAL_Entertainment_Tonight_374-380_ID933_from_beginning_to_end_000000000101_keypoints.json
  multimolang/inst/extdata/example_videos/output3/2014-10-10_0600_US_KCAL_Entertainment_Tonight_374-380_ID933_from_beginning_to_end_000000000102_keypoints.json
  multimolang/inst/extdata/example_videos/output3/2014-10-10_0600_US_KCAL_Entertainment_Tonight_374-380_ID933_from_beginning_to_end_000000000103_keypoints.json
  multimolang/inst/extdata/example_videos/output3/2014-10-10_0600_US_KCAL_Entertainment_Tonight_374-380_ID933_from_beginning_to_end_000000000104_keypoints.json
  multimolang/inst/extdata/example_videos/output3/2014-10-10_0600_US_KCAL_Entertainment_Tonight_374-380_ID933_from_beginning_to_end_000000000105_keypoints.json
  multimolang/inst/extdata/example_videos/output3/2014-10-10_0600_US_KCAL_Entertainment_Tonight_374-380_ID933_from_beginning_to_end_000000000106_keypoints.json
  multimolang/inst/extdata/example_videos/output3/2014-10-10_0600_US_KCAL_Entertainment_Tonight_374-380_ID933_from_beginning_to_end_000000000107_keypoints.json
  multimolang/inst/extdata/example_videos/output3/2014-10-10_0600_US_KCAL_Entertainment_Tonight_374-380_ID933_from_beginning_to_end_000000000108_keypoints.json
  multimolang/inst/extdata/example_videos/output3/2014-10-10_0600_US_KCAL_Entertainment_Tonight_374-380_ID933_from_beginning_to_end_000000000109_keypoints.json
  multimolang/inst/extdata/example_videos/output3/2014-10-10_0600_US_KCAL_Entertainment_Tonight_374-380_ID933_from_beginning_to_end_000000000110_keypoints.json
  multimolang/inst/extdata/example_videos/output3/2014-10-10_0600_US_KCAL_Entertainment_Tonight_374-380_ID933_from_beginning_to_end_000000000111_keypoints.json
  multimolang/inst/extdata/example_videos/output3/2014-10-10_0600_US_KCAL_Entertainment_Tonight_374-380_ID933_from_beginning_to_end_000000000112_keypoints.json
  multimolang/inst/extdata/example_videos/output3/2014-10-10_0600_US_KCAL_Entertainment_Tonight_374-380_ID933_from_beginning_to_end_000000000113_keypoints.json
  multimolang/inst/extdata/example_videos/output3/2014-10-10_0600_US_KCAL_Entertainment_Tonight_374-380_ID933_from_beginning_to_end_000000000114_keypoints.json
  multimolang/inst/extdata/example_videos/output3/2014-10-10_0600_US_KCAL_Entertainment_Tonight_374-380_ID933_from_beginning_to_end_000000000115_keypoints.json
  multimolang/inst/extdata/example_videos/output3/2014-10-10_0600_US_KCAL_Entertainment_Tonight_374-380_ID933_from_beginning_to_end_000000000116_keypoints.json
  multimolang/inst/extdata/example_videos/output3/2014-10-10_0600_US_KCAL_Entertainment_Tonight_374-380_ID933_from_beginning_to_end_000000000117_keypoints.json
  multimolang/inst/extdata/example_videos/output3/2014-10-10_0600_US_KCAL_Entertainment_Tonight_374-380_ID933_from_beginning_to_end_000000000118_keypoints.json
  multimolang/inst/extdata/example_videos/output3/2014-10-10_0600_US_KCAL_Entertainment_Tonight_374-380_ID933_from_beginning_to_end_000000000119_keypoints.json
  multimolang/inst/extdata/example_videos/output3/2014-10-10_0600_US_KCAL_Entertainment_Tonight_374-380_ID933_from_beginning_to_end_000000000120_keypoints.json
  multimolang/inst/extdata/example_videos/output3/2014-10-10_0600_US_KCAL_Entertainment_Tonight_374-380_ID933_from_beginning_to_end_000000000121_keypoints.json
  multimolang/inst/extdata/example_videos/output3/2014-10-10_0600_US_KCAL_Entertainment_Tonight_374-380_ID933_from_beginning_to_end_000000000122_keypoints.json
  multimolang/inst/extdata/example_videos/output3/2014-10-10_0600_US_KCAL_Entertainment_Tonight_374-380_ID933_from_beginning_to_end_000000000123_keypoints.json
  multimolang/inst/extdata/example_videos/output3/2014-10-10_0600_US_KCAL_Entertainment_Tonight_374-380_ID933_from_beginning_to_end_000000000124_keypoints.json
  multimolang/inst/extdata/example_videos/output3/2014-10-10_0600_US_KCAL_Entertainment_Tonight_374-380_ID933_from_beginning_to_end_000000000125_keypoints.json
  multimolang/inst/extdata/example_videos/output3/2014-10-10_0600_US_KCAL_Entertainment_Tonight_374-380_ID933_from_beginning_to_end_000000000126_keypoints.json
  multimolang/inst/extdata/example_videos/output3/2014-10-10_0600_US_KCAL_Entertainment_Tonight_374-380_ID933_from_beginning_to_end_000000000127_keypoints.json
  multimolang/inst/extdata/example_videos/output3/2014-10-10_0600_US_KCAL_Entertainment_Tonight_374-380_ID933_from_beginning_to_end_000000000128_keypoints.json
  multimolang/inst/extdata/example_videos/output3/2014-10-10_0600_US_KCAL_Entertainment_Tonight_374-380_ID933_from_beginning_to_end_000000000129_keypoints.json
  multimolang/inst/extdata/example_videos/output3/2014-10-10_0600_US_KCAL_Entertainment_Tonight_374-380_ID933_from_beginning_to_end_000000000130_keypoints.json
  multimolang/inst/extdata/example_videos/output3/2014-10-10_0600_US_KCAL_Entertainment_Tonight_374-380_ID933_from_beginning_to_end_000000000131_keypoints.json
  multimolang/inst/extdata/example_videos/output3/2014-10-10_0600_US_KCAL_Entertainment_Tonight_374-380_ID933_from_beginning_to_end_000000000132_keypoints.json
  multimolang/inst/extdata/example_videos/output3/2014-10-10_0600_US_KCAL_Entertainment_Tonight_374-380_ID933_from_beginning_to_end_000000000133_keypoints.json
  multimolang/inst/extdata/example_videos/output3/2014-10-10_0600_US_KCAL_Entertainment_Tonight_374-380_ID933_from_beginning_to_end_000000000134_keypoints.json
  multimolang/inst/extdata/example_videos/output3/2014-10-10_0600_US_KCAL_Entertainment_Tonight_374-380_ID933_from_beginning_to_end_000000000135_keypoints.json
  multimolang/inst/extdata/example_videos/output3/2014-10-10_0600_US_KCAL_Entertainment_Tonight_374-380_ID933_from_beginning_to_end_000000000136_keypoints.json
  multimolang/inst/extdata/example_videos/output3/2014-10-10_0600_US_KCAL_Entertainment_Tonight_374-380_ID933_from_beginning_to_end_000000000137_keypoints.json
  multimolang/inst/extdata/example_videos/output3/2014-10-10_0600_US_KCAL_Entertainment_Tonight_374-380_ID933_from_beginning_to_end_000000000138_keypoints.json
  multimolang/inst/extdata/example_videos/output3/2014-10-10_0600_US_KCAL_Entertainment_Tonight_374-380_ID933_from_beginning_to_end_000000000139_keypoints.json
  multimolang/inst/extdata/example_videos/output3/2014-10-10_0600_US_KCAL_Entertainment_Tonight_374-380_ID933_from_beginning_to_end_000000000140_keypoints.json
  multimolang/inst/extdata/example_videos/output3/2014-10-10_0600_US_KCAL_Entertainment_Tonight_374-380_ID933_from_beginning_to_end_000000000141_keypoints.json
  multimolang/inst/extdata/example_videos/output3/2014-10-10_0600_US_KCAL_Entertainment_Tonight_374-380_ID933_from_beginning_to_end_000000000142_keypoints.json
  multimolang/inst/extdata/example_videos/output3/2014-10-10_0600_US_KCAL_Entertainment_Tonight_374-380_ID933_from_beginning_to_end_000000000143_keypoints.json
  multimolang/inst/extdata/example_videos/output3/2014-10-10_0600_US_KCAL_Entertainment_Tonight_374-380_ID933_from_beginning_to_end_000000000144_keypoints.json
  multimolang/inst/extdata/example_videos/output3/2014-10-10_0600_US_KCAL_Entertainment_Tonight_374-380_ID933_from_beginning_to_end_000000000145_keypoints.json
  multimolang/inst/extdata/example_videos/output3/2014-10-10_0600_US_KCAL_Entertainment_Tonight_374-380_ID933_from_beginning_to_end_000000000146_keypoints.json
  multimolang/inst/extdata/example_videos/output3/2014-10-10_0600_US_KCAL_Entertainment_Tonight_374-380_ID933_from_beginning_to_end_000000000147_keypoints.json
  multimolang/inst/extdata/example_videos/output3/2014-10-10_0600_US_KCAL_Entertainment_Tonight_374-380_ID933_from_beginning_to_end_000000000148_keypoints.json
  multimolang/inst/extdata/example_videos/output3/2014-10-10_0600_US_KCAL_Entertainment_Tonight_374-380_ID933_from_beginning_to_end_000000000149_keypoints.json
  multimolang/inst/extdata/example_videos/output3/2014-10-10_0600_US_KCAL_Entertainment_Tonight_374-380_ID933_from_beginning_to_end_000000000150_keypoints.json
  multimolang/inst/extdata/example_videos/output3/2014-10-10_0600_US_KCAL_Entertainment_Tonight_374-380_ID933_from_beginning_to_end_000000000151_keypoints.json
  multimolang/inst/extdata/example_videos/output3/2014-10-10_0600_US_KCAL_Entertainment_Tonight_374-380_ID933_from_beginning_to_end_000000000152_keypoints.json
  multimolang/inst/extdata/example_videos/output3/2014-10-10_0600_US_KCAL_Entertainment_Tonight_374-380_ID933_from_beginning_to_end_000000000153_keypoints.json
  multimolang/inst/extdata/example_videos/output3/2014-10-10_0600_US_KCAL_Entertainment_Tonight_374-380_ID933_from_beginning_to_end_000000000154_keypoints.json
  multimolang/inst/extdata/example_videos/output3/2014-10-10_0600_US_KCAL_Entertainment_Tonight_374-380_ID933_from_beginning_to_end_000000000155_keypoints.json
  multimolang/inst/extdata/example_videos/output3/2014-10-10_0600_US_KCAL_Entertainment_Tonight_374-380_ID933_from_beginning_to_end_000000000156_keypoints.json
  multimolang/inst/extdata/example_videos/output3/2014-10-10_0600_US_KCAL_Entertainment_Tonight_374-380_ID933_from_beginning_to_end_000000000157_keypoints.json
  multimolang/inst/extdata/example_videos/output3/2014-10-10_0600_US_KCAL_Entertainment_Tonight_374-380_ID933_from_beginning_to_end_000000000158_keypoints.json
  multimolang/inst/extdata/example_videos/output3/2014-10-10_0600_US_KCAL_Entertainment_Tonight_374-380_ID933_from_beginning_to_end_000000000159_keypoints.json
  multimolang/inst/extdata/example_videos/output3/2014-10-10_0600_US_KCAL_Entertainment_Tonight_374-380_ID933_from_beginning_to_end_000000000160_keypoints.json
  multimolang/inst/extdata/example_videos/output3/2014-10-10_0600_US_KCAL_Entertainment_Tonight_374-380_ID933_from_beginning_to_end_000000000161_keypoints.json
  multimolang/inst/extdata/example_videos/output3/2014-10-10_0600_US_KCAL_Entertainment_Tonight_374-380_ID933_from_beginning_to_end_000000000162_keypoints.json
  multimolang/inst/extdata/example_videos/output3/2014-10-10_0600_US_KCAL_Entertainment_Tonight_374-380_ID933_from_beginning_to_end_000000000163_keypoints.json
  multimolang/inst/extdata/example_videos/output3/2014-10-10_0600_US_KCAL_Entertainment_Tonight_374-380_ID933_from_beginning_to_end_000000000164_keypoints.json
  multimolang/inst/extdata/example_videos/output3/2014-10-10_0600_US_KCAL_Entertainment_Tonight_374-380_ID933_from_beginning_to_end_000000000165_keypoints.json
  multimolang/inst/extdata/example_videos/output3/2014-10-10_0600_US_KCAL_Entertainment_Tonight_374-380_ID933_from_beginning_to_end_000000000166_keypoints.json
  multimolang/inst/extdata/example_videos/output3/2014-10-10_0600_US_KCAL_Entertainment_Tonight_374-380_ID933_from_beginning_to_end_000000000167_keypoints.json
  multimolang/inst/extdata/example_videos/output3/2014-10-10_0600_US_KCAL_Entertainment_Tonight_374-380_ID933_from_beginning_to_end_000000000168_keypoints.json
  multimolang/inst/extdata/example_videos/output3/2014-10-10_0600_US_KCAL_Entertainment_Tonight_374-380_ID933_from_beginning_to_end_000000000169_keypoints.json
  multimolang/inst/extdata/example_videos/output3/2014-10-10_0600_US_KCAL_Entertainment_Tonight_374-380_ID933_from_beginning_to_end_000000000170_keypoints.json
  multimolang/inst/extdata/example_videos/output3/2014-10-10_0600_US_KCAL_Entertainment_Tonight_374-380_ID933_from_beginning_to_end_000000000171_keypoints.json
  multimolang/inst/extdata/example_videos/output3/2014-10-10_0600_US_KCAL_Entertainment_Tonight_374-380_ID933_from_beginning_to_end_000000000172_keypoints.json
  multimolang/inst/extdata/example_videos/output3/2014-10-10_0600_US_KCAL_Entertainment_Tonight_374-380_ID933_from_beginning_to_end_000000000173_keypoints.json
  multimolang/inst/extdata/example_videos/output3/2014-10-10_0600_US_KCAL_Entertainment_Tonight_374-380_ID933_from_beginning_to_end_000000000174_keypoints.json
  multimolang/inst/extdata/example_videos/output3/2014-10-10_0600_US_KCAL_Entertainment_Tonight_374-380_ID933_from_beginning_to_end_000000000175_keypoints.json
  multimolang/inst/extdata/example_videos/output3/2014-10-10_0600_US_KCAL_Entertainment_Tonight_374-380_ID933_from_beginning_to_end_000000000176_keypoints.json
  multimolang/inst/extdata/example_videos/output3/2014-10-10_0600_US_KCAL_Entertainment_Tonight_374-380_ID933_from_beginning_to_end_000000000177_keypoints.json
  multimolang/inst/extdata/example_videos/output3/2014-10-10_0600_US_KCAL_Entertainment_Tonight_374-380_ID933_from_beginning_to_end_000000000178_keypoints.json
  multimolang/inst/extdata/example_videos/output3/2014-10-10_0600_US_KCAL_Entertainment_Tonight_374-380_ID933_from_beginning_to_end_000000000179_keypoints.json
  multimolang/inst/extdata/example_videos/output4/2015-03-26_2100_US_WEWS_Live_on_5_1221-1225_ID509_later_than_000000000000_keypoints.json
  multimolang/inst/extdata/example_videos/output4/2015-03-26_2100_US_WEWS_Live_on_5_1221-1225_ID509_later_than_000000000001_keypoints.json
  multimolang/inst/extdata/example_videos/output4/2015-03-26_2100_US_WEWS_Live_on_5_1221-1225_ID509_later_than_000000000002_keypoints.json
  multimolang/inst/extdata/example_videos/output4/2015-03-26_2100_US_WEWS_Live_on_5_1221-1225_ID509_later_than_000000000003_keypoints.json
  multimolang/inst/extdata/example_videos/output4/2015-03-26_2100_US_WEWS_Live_on_5_1221-1225_ID509_later_than_000000000004_keypoints.json
  multimolang/inst/extdata/example_videos/output4/2015-03-26_2100_US_WEWS_Live_on_5_1221-1225_ID509_later_than_000000000005_keypoints.json
  multimolang/inst/extdata/example_videos/output4/2015-03-26_2100_US_WEWS_Live_on_5_1221-1225_ID509_later_than_000000000006_keypoints.json
  multimolang/inst/extdata/example_videos/output4/2015-03-26_2100_US_WEWS_Live_on_5_1221-1225_ID509_later_than_000000000007_keypoints.json
  multimolang/inst/extdata/example_videos/output4/2015-03-26_2100_US_WEWS_Live_on_5_1221-1225_ID509_later_than_000000000008_keypoints.json
  multimolang/inst/extdata/example_videos/output4/2015-03-26_2100_US_WEWS_Live_on_5_1221-1225_ID509_later_than_000000000009_keypoints.json
  multimolang/inst/extdata/example_videos/output4/2015-03-26_2100_US_WEWS_Live_on_5_1221-1225_ID509_later_than_000000000010_keypoints.json
  multimolang/inst/extdata/example_videos/output4/2015-03-26_2100_US_WEWS_Live_on_5_1221-1225_ID509_later_than_000000000011_keypoints.json
  multimolang/inst/extdata/example_videos/output4/2015-03-26_2100_US_WEWS_Live_on_5_1221-1225_ID509_later_than_000000000012_keypoints.json
  multimolang/inst/extdata/example_videos/output4/2015-03-26_2100_US_WEWS_Live_on_5_1221-1225_ID509_later_than_000000000013_keypoints.json
  multimolang/inst/extdata/example_videos/output4/2015-03-26_2100_US_WEWS_Live_on_5_1221-1225_ID509_later_than_000000000014_keypoints.json
  multimolang/inst/extdata/example_videos/output4/2015-03-26_2100_US_WEWS_Live_on_5_1221-1225_ID509_later_than_000000000015_keypoints.json
  multimolang/inst/extdata/example_videos/output4/2015-03-26_2100_US_WEWS_Live_on_5_1221-1225_ID509_later_than_000000000016_keypoints.json
  multimolang/inst/extdata/example_videos/output4/2015-03-26_2100_US_WEWS_Live_on_5_1221-1225_ID509_later_than_000000000017_keypoints.json
  multimolang/inst/extdata/example_videos/output4/2015-03-26_2100_US_WEWS_Live_on_5_1221-1225_ID509_later_than_000000000018_keypoints.json
  multimolang/inst/extdata/example_videos/output4/2015-03-26_2100_US_WEWS_Live_on_5_1221-1225_ID509_later_than_000000000019_keypoints.json
  multimolang/inst/extdata/example_videos/output4/2015-03-26_2100_US_WEWS_Live_on_5_1221-1225_ID509_later_than_000000000020_keypoints.json
  multimolang/inst/extdata/example_videos/output4/2015-03-26_2100_US_WEWS_Live_on_5_1221-1225_ID509_later_than_000000000021_keypoints.json
  multimolang/inst/extdata/example_videos/output4/2015-03-26_2100_US_WEWS_Live_on_5_1221-1225_ID509_later_than_000000000022_keypoints.json
  multimolang/inst/extdata/example_videos/output4/2015-03-26_2100_US_WEWS_Live_on_5_1221-1225_ID509_later_than_000000000023_keypoints.json
  multimolang/inst/extdata/example_videos/output4/2015-03-26_2100_US_WEWS_Live_on_5_1221-1225_ID509_later_than_000000000024_keypoints.json
  multimolang/inst/extdata/example_videos/output4/2015-03-26_2100_US_WEWS_Live_on_5_1221-1225_ID509_later_than_000000000025_keypoints.json
  multimolang/inst/extdata/example_videos/output4/2015-03-26_2100_US_WEWS_Live_on_5_1221-1225_ID509_later_than_000000000026_keypoints.json
  multimolang/inst/extdata/example_videos/output4/2015-03-26_2100_US_WEWS_Live_on_5_1221-1225_ID509_later_than_000000000027_keypoints.json
  multimolang/inst/extdata/example_videos/output4/2015-03-26_2100_US_WEWS_Live_on_5_1221-1225_ID509_later_than_000000000028_keypoints.json
  multimolang/inst/extdata/example_videos/output4/2015-03-26_2100_US_WEWS_Live_on_5_1221-1225_ID509_later_than_000000000029_keypoints.json
  multimolang/inst/extdata/example_videos/output4/2015-03-26_2100_US_WEWS_Live_on_5_1221-1225_ID509_later_than_000000000030_keypoints.json
  multimolang/inst/extdata/example_videos/output4/2015-03-26_2100_US_WEWS_Live_on_5_1221-1225_ID509_later_than_000000000031_keypoints.json
  multimolang/inst/extdata/example_videos/output4/2015-03-26_2100_US_WEWS_Live_on_5_1221-1225_ID509_later_than_000000000032_keypoints.json
  multimolang/inst/extdata/example_videos/output4/2015-03-26_2100_US_WEWS_Live_on_5_1221-1225_ID509_later_than_000000000033_keypoints.json
  multimolang/inst/extdata/example_videos/output4/2015-03-26_2100_US_WEWS_Live_on_5_1221-1225_ID509_later_than_000000000034_keypoints.json
  multimolang/inst/extdata/example_videos/output4/2015-03-26_2100_US_WEWS_Live_on_5_1221-1225_ID509_later_than_000000000035_keypoints.json
  multimolang/inst/extdata/example_videos/output4/2015-03-26_2100_US_WEWS_Live_on_5_1221-1225_ID509_later_than_000000000036_keypoints.json
  multimolang/inst/extdata/example_videos/output4/2015-03-26_2100_US_WEWS_Live_on_5_1221-1225_ID509_later_than_000000000037_keypoints.json
  multimolang/inst/extdata/example_videos/output4/2015-03-26_2100_US_WEWS_Live_on_5_1221-1225_ID509_later_than_000000000038_keypoints.json
  multimolang/inst/extdata/example_videos/output4/2015-03-26_2100_US_WEWS_Live_on_5_1221-1225_ID509_later_than_000000000039_keypoints.json
  multimolang/inst/extdata/example_videos/output4/2015-03-26_2100_US_WEWS_Live_on_5_1221-1225_ID509_later_than_000000000040_keypoints.json
  multimolang/inst/extdata/example_videos/output4/2015-03-26_2100_US_WEWS_Live_on_5_1221-1225_ID509_later_than_000000000041_keypoints.json
  multimolang/inst/extdata/example_videos/output4/2015-03-26_2100_US_WEWS_Live_on_5_1221-1225_ID509_later_than_000000000042_keypoints.json
  multimolang/inst/extdata/example_videos/output4/2015-03-26_2100_US_WEWS_Live_on_5_1221-1225_ID509_later_than_000000000043_keypoints.json
  multimolang/inst/extdata/example_videos/output4/2015-03-26_2100_US_WEWS_Live_on_5_1221-1225_ID509_later_than_000000000044_keypoints.json
  multimolang/inst/extdata/example_videos/output4/2015-03-26_2100_US_WEWS_Live_on_5_1221-1225_ID509_later_than_000000000045_keypoints.json
  multimolang/inst/extdata/example_videos/output4/2015-03-26_2100_US_WEWS_Live_on_5_1221-1225_ID509_later_than_000000000046_keypoints.json
  multimolang/inst/extdata/example_videos/output4/2015-03-26_2100_US_WEWS_Live_on_5_1221-1225_ID509_later_than_000000000047_keypoints.json
  multimolang/inst/extdata/example_videos/output4/2015-03-26_2100_US_WEWS_Live_on_5_1221-1225_ID509_later_than_000000000048_keypoints.json
  multimolang/inst/extdata/example_videos/output4/2015-03-26_2100_US_WEWS_Live_on_5_1221-1225_ID509_later_than_000000000049_keypoints.json
  multimolang/inst/extdata/example_videos/output4/2015-03-26_2100_US_WEWS_Live_on_5_1221-1225_ID509_later_than_000000000050_keypoints.json
  multimolang/inst/extdata/example_videos/output4/2015-03-26_2100_US_WEWS_Live_on_5_1221-1225_ID509_later_than_000000000051_keypoints.json
  multimolang/inst/extdata/example_videos/output4/2015-03-26_2100_US_WEWS_Live_on_5_1221-1225_ID509_later_than_000000000052_keypoints.json
  multimolang/inst/extdata/example_videos/output4/2015-03-26_2100_US_WEWS_Live_on_5_1221-1225_ID509_later_than_000000000053_keypoints.json
  multimolang/inst/extdata/example_videos/output4/2015-03-26_2100_US_WEWS_Live_on_5_1221-1225_ID509_later_than_000000000054_keypoints.json
  multimolang/inst/extdata/example_videos/output4/2015-03-26_2100_US_WEWS_Live_on_5_1221-1225_ID509_later_than_000000000055_keypoints.json
  multimolang/inst/extdata/example_videos/output4/2015-03-26_2100_US_WEWS_Live_on_5_1221-1225_ID509_later_than_000000000056_keypoints.json
  multimolang/inst/extdata/example_videos/output4/2015-03-26_2100_US_WEWS_Live_on_5_1221-1225_ID509_later_than_000000000057_keypoints.json
  multimolang/inst/extdata/example_videos/output4/2015-03-26_2100_US_WEWS_Live_on_5_1221-1225_ID509_later_than_000000000058_keypoints.json
  multimolang/inst/extdata/example_videos/output4/2015-03-26_2100_US_WEWS_Live_on_5_1221-1225_ID509_later_than_000000000059_keypoints.json
  multimolang/inst/extdata/example_videos/output4/2015-03-26_2100_US_WEWS_Live_on_5_1221-1225_ID509_later_than_000000000060_keypoints.json
  multimolang/inst/extdata/example_videos/output4/2015-03-26_2100_US_WEWS_Live_on_5_1221-1225_ID509_later_than_000000000061_keypoints.json
  multimolang/inst/extdata/example_videos/output4/2015-03-26_2100_US_WEWS_Live_on_5_1221-1225_ID509_later_than_000000000062_keypoints.json
  multimolang/inst/extdata/example_videos/output4/2015-03-26_2100_US_WEWS_Live_on_5_1221-1225_ID509_later_than_000000000063_keypoints.json
  multimolang/inst/extdata/example_videos/output4/2015-03-26_2100_US_WEWS_Live_on_5_1221-1225_ID509_later_than_000000000064_keypoints.json
  multimolang/inst/extdata/example_videos/output4/2015-03-26_2100_US_WEWS_Live_on_5_1221-1225_ID509_later_than_000000000065_keypoints.json
  multimolang/inst/extdata/example_videos/output4/2015-03-26_2100_US_WEWS_Live_on_5_1221-1225_ID509_later_than_000000000066_keypoints.json
  multimolang/inst/extdata/example_videos/output4/2015-03-26_2100_US_WEWS_Live_on_5_1221-1225_ID509_later_than_000000000067_keypoints.json
  multimolang/inst/extdata/example_videos/output4/2015-03-26_2100_US_WEWS_Live_on_5_1221-1225_ID509_later_than_000000000068_keypoints.json
  multimolang/inst/extdata/example_videos/output4/2015-03-26_2100_US_WEWS_Live_on_5_1221-1225_ID509_later_than_000000000069_keypoints.json
  multimolang/inst/extdata/example_videos/output4/2015-03-26_2100_US_WEWS_Live_on_5_1221-1225_ID509_later_than_000000000070_keypoints.json
  multimolang/inst/extdata/example_videos/output4/2015-03-26_2100_US_WEWS_Live_on_5_1221-1225_ID509_later_than_000000000071_keypoints.json
  multimolang/inst/extdata/example_videos/output4/2015-03-26_2100_US_WEWS_Live_on_5_1221-1225_ID509_later_than_000000000072_keypoints.json
  multimolang/inst/extdata/example_videos/output4/2015-03-26_2100_US_WEWS_Live_on_5_1221-1225_ID509_later_than_000000000073_keypoints.json
  multimolang/inst/extdata/example_videos/output4/2015-03-26_2100_US_WEWS_Live_on_5_1221-1225_ID509_later_than_000000000074_keypoints.json
  multimolang/inst/extdata/example_videos/output4/2015-03-26_2100_US_WEWS_Live_on_5_1221-1225_ID509_later_than_000000000075_keypoints.json
  multimolang/inst/extdata/example_videos/output4/2015-03-26_2100_US_WEWS_Live_on_5_1221-1225_ID509_later_than_000000000076_keypoints.json
  multimolang/inst/extdata/example_videos/output4/2015-03-26_2100_US_WEWS_Live_on_5_1221-1225_ID509_later_than_000000000077_keypoints.json
  multimolang/inst/extdata/example_videos/output4/2015-03-26_2100_US_WEWS_Live_on_5_1221-1225_ID509_later_than_000000000078_keypoints.json
  multimolang/inst/extdata/example_videos/output4/2015-03-26_2100_US_WEWS_Live_on_5_1221-1225_ID509_later_than_000000000079_keypoints.json
  multimolang/inst/extdata/example_videos/output4/2015-03-26_2100_US_WEWS_Live_on_5_1221-1225_ID509_later_than_000000000080_keypoints.json
  multimolang/inst/extdata/example_videos/output4/2015-03-26_2100_US_WEWS_Live_on_5_1221-1225_ID509_later_than_000000000081_keypoints.json
  multimolang/inst/extdata/example_videos/output4/2015-03-26_2100_US_WEWS_Live_on_5_1221-1225_ID509_later_than_000000000082_keypoints.json
  multimolang/inst/extdata/example_videos/output4/2015-03-26_2100_US_WEWS_Live_on_5_1221-1225_ID509_later_than_000000000083_keypoints.json
  multimolang/inst/extdata/example_videos/output4/2015-03-26_2100_US_WEWS_Live_on_5_1221-1225_ID509_later_than_000000000084_keypoints.json
  multimolang/inst/extdata/example_videos/output4/2015-03-26_2100_US_WEWS_Live_on_5_1221-1225_ID509_later_than_000000000085_keypoints.json
  multimolang/inst/extdata/example_videos/output4/2015-03-26_2100_US_WEWS_Live_on_5_1221-1225_ID509_later_than_000000000086_keypoints.json
  multimolang/inst/extdata/example_videos/output4/2015-03-26_2100_US_WEWS_Live_on_5_1221-1225_ID509_later_than_000000000087_keypoints.json
  multimolang/inst/extdata/example_videos/output4/2015-03-26_2100_US_WEWS_Live_on_5_1221-1225_ID509_later_than_000000000088_keypoints.json
  multimolang/inst/extdata/example_videos/output4/2015-03-26_2100_US_WEWS_Live_on_5_1221-1225_ID509_later_than_000000000089_keypoints.json
  multimolang/inst/extdata/example_videos/output4/2015-03-26_2100_US_WEWS_Live_on_5_1221-1225_ID509_later_than_000000000090_keypoints.json
  multimolang/inst/extdata/example_videos/output4/2015-03-26_2100_US_WEWS_Live_on_5_1221-1225_ID509_later_than_000000000091_keypoints.json
  multimolang/inst/extdata/example_videos/output4/2015-03-26_2100_US_WEWS_Live_on_5_1221-1225_ID509_later_than_000000000092_keypoints.json
  multimolang/inst/extdata/example_videos/output4/2015-03-26_2100_US_WEWS_Live_on_5_1221-1225_ID509_later_than_000000000093_keypoints.json
  multimolang/inst/extdata/example_videos/output4/2015-03-26_2100_US_WEWS_Live_on_5_1221-1225_ID509_later_than_000000000094_keypoints.json
  multimolang/inst/extdata/example_videos/output4/2015-03-26_2100_US_WEWS_Live_on_5_1221-1225_ID509_later_than_000000000095_keypoints.json
  multimolang/inst/extdata/example_videos/output4/2015-03-26_2100_US_WEWS_Live_on_5_1221-1225_ID509_later_than_000000000096_keypoints.json
  multimolang/inst/extdata/example_videos/output4/2015-03-26_2100_US_WEWS_Live_on_5_1221-1225_ID509_later_than_000000000097_keypoints.json
  multimolang/inst/extdata/example_videos/output4/2015-03-26_2100_US_WEWS_Live_on_5_1221-1225_ID509_later_than_000000000098_keypoints.json
  multimolang/inst/extdata/example_videos/output4/2015-03-26_2100_US_WEWS_Live_on_5_1221-1225_ID509_later_than_000000000099_keypoints.json
  multimolang/inst/extdata/example_videos/output4/2015-03-26_2100_US_WEWS_Live_on_5_1221-1225_ID509_later_than_000000000100_keypoints.json
  multimolang/inst/extdata/example_videos/output4/2015-03-26_2100_US_WEWS_Live_on_5_1221-1225_ID509_later_than_000000000101_keypoints.json
  multimolang/inst/extdata/example_videos/output4/2015-03-26_2100_US_WEWS_Live_on_5_1221-1225_ID509_later_than_000000000102_keypoints.json
  multimolang/inst/extdata/example_videos/output4/2015-03-26_2100_US_WEWS_Live_on_5_1221-1225_ID509_later_than_000000000103_keypoints.json
  multimolang/inst/extdata/example_videos/output4/2015-03-26_2100_US_WEWS_Live_on_5_1221-1225_ID509_later_than_000000000104_keypoints.json
  multimolang/inst/extdata/example_videos/output4/2015-03-26_2100_US_WEWS_Live_on_5_1221-1225_ID509_later_than_000000000105_keypoints.json
  multimolang/inst/extdata/example_videos/output4/2015-03-26_2100_US_WEWS_Live_on_5_1221-1225_ID509_later_than_000000000106_keypoints.json
  multimolang/inst/extdata/example_videos/output4/2015-03-26_2100_US_WEWS_Live_on_5_1221-1225_ID509_later_than_000000000107_keypoints.json
  multimolang/inst/extdata/example_videos/output4/2015-03-26_2100_US_WEWS_Live_on_5_1221-1225_ID509_later_than_000000000108_keypoints.json
  multimolang/inst/extdata/example_videos/output4/2015-03-26_2100_US_WEWS_Live_on_5_1221-1225_ID509_later_than_000000000109_keypoints.json
  multimolang/inst/extdata/example_videos/output4/2015-03-26_2100_US_WEWS_Live_on_5_1221-1225_ID509_later_than_000000000110_keypoints.json
  multimolang/inst/extdata/example_videos/output4/2015-03-26_2100_US_WEWS_Live_on_5_1221-1225_ID509_later_than_000000000111_keypoints.json
  multimolang/inst/extdata/example_videos/output4/2015-03-26_2100_US_WEWS_Live_on_5_1221-1225_ID509_later_than_000000000112_keypoints.json
  multimolang/inst/extdata/example_videos/output4/2015-03-26_2100_US_WEWS_Live_on_5_1221-1225_ID509_later_than_000000000113_keypoints.json
  multimolang/inst/extdata/example_videos/output4/2015-03-26_2100_US_WEWS_Live_on_5_1221-1225_ID509_later_than_000000000114_keypoints.json
  multimolang/inst/extdata/example_videos/output4/2015-03-26_2100_US_WEWS_Live_on_5_1221-1225_ID509_later_than_000000000115_keypoints.json
  multimolang/inst/extdata/example_videos/output4/2015-03-26_2100_US_WEWS_Live_on_5_1221-1225_ID509_later_than_000000000116_keypoints.json
  multimolang/inst/extdata/example_videos/output4/2015-03-26_2100_US_WEWS_Live_on_5_1221-1225_ID509_later_than_000000000117_keypoints.json
  multimolang/inst/extdata/example_videos/output4/2015-03-26_2100_US_WEWS_Live_on_5_1221-1225_ID509_later_than_000000000118_keypoints.json
  multimolang/inst/extdata/example_videos/output4/2015-03-26_2100_US_WEWS_Live_on_5_1221-1225_ID509_later_than_000000000119_keypoints.json

Tarballs are only required to store paths of up to 100 bytes and cannot
store those of more than 256 bytes, with restrictions including to 100
bytes for the final component.
See section ‘Package structure’ in the ‘Writing R Extensions’ manual.
 OK
* checking for sufficient/correct file permissions ... OK
* checking serialization versions ... OK
* checking whether package ‘multimolang’ can be installed ... OK
* checking installed package size ... OK
* checking package directory ... OK
* checking for future file timestamps ... NOTE
unable to verify current time
* checking DESCRIPTION meta-information ... OK
* checking top-level files ... OK
* checking for left-over files ... OK
* checking index information ... OK
* checking package subdirectories ... OK
* checking code files for non-ASCII characters ... OK
* checking R files for syntax errors ... OK
* checking whether the package can be loaded ... OK
* checking whether the package can be loaded with stated dependencies ... OK
* checking whether the package can be unloaded cleanly ... OK
* checking whether the namespace can be loaded with stated dependencies ... OK
* checking whether the namespace can be unloaded cleanly ... OK
* checking loading without being on the library search path ... OK
* checking use of S3 registration ... OK
* checking dependencies in R code ... OK
* checking S3 generic/method consistency ... OK
* checking replacement functions ... OK
* checking foreign function calls ... OK
* checking R code for possible problems ... NOTE
dfMaker: no visible global function definition for ‘capture.output’
dfMaker: no visible global function definition for ‘write.csv’
Undefined global functions or variables:
  capture.output write.csv
Consider adding
  importFrom("utils", "capture.output", "write.csv")
to your NAMESPACE file.
* checking Rd files ... OK
* checking Rd metadata ... OK
* checking Rd line widths ... OK
* checking Rd cross-references ... OK
* checking for missing documentation entries ... OK
* checking for code/documentation mismatches ... OK
* checking Rd \usage sections ... OK
* checking Rd contents ... OK
* checking for unstated dependencies in examples ... OK
* checking examples ... NONE
* checking for unstated dependencies in ‘tests’ ... OK
* checking tests ... OK
  Running ‘testthat.R’
* checking PDF version of manual ... OK
* checking HTML version of manual ... OK
* checking for non-standard things in the check directory ... OK
* checking for detritus in the temp directory ... OK
* DONE
Status: 1 ERROR, 3 NOTEs
