Hmm ... looks like a package
Converting parsed Rd's to LaTeX 
Creating pdf output from LaTeX ...

This is pdfTeX, Version 3.141592653-2.6-1.40.26 (TeX Live 2024) (preloaded format=pdflatex)
 restricted \write18 enabled.
entering extended mode
LaTeX2e <2024-11-01>
L3 programming layer <2024-11-02>
(./Rd2.tex
(/export/home/brian/.TinyTeX/texmf-dist/tex/latex/base/book.cls
Document Class: book 2024/06/29 v1.4n Standard LaTeX document class
(/export/home/brian/.TinyTeX/texmf-dist/tex/latex/base/bk10.clo)) (/usr/share/R/share/texmf/tex/latex/Rd.sty (/export/home/brian/.TinyTeX/texmf-dist/tex/latex/base/ifthen.sty) (/export/home/brian/.TinyTeX/texmf-dist/tex/generic/iftex/iftex.sty) (/export/home/brian/.TinyTeX/texmf-dist/tex/latex/tools/longtable.sty) (/export/home/brian/.TinyTeX/texmf-dist/tex/latex/tools/bm.sty) (/export/home/brian/.TinyTeX/texmf-dist/tex/latex/base/alltt.sty) (/export/home/brian/.TinyTeX/texmf-dist/tex/latex/tools/verbatim.sty) (/export/home/brian/.TinyTeX/texmf-dist/tex/latex/url/url.sty) (/export/home/brian/.TinyTeX/texmf-dist/tex/latex/base/textcomp.sty) (/export/home/brian/.TinyTeX/texmf-dist/tex/latex/amsmath/amsmath.sty
For additional information on amsmath, use the `?' option.
(/export/home/brian/.TinyTeX/texmf-dist/tex/latex/amsmath/amstext.sty (/export/home/brian/.TinyTeX/texmf-dist/tex/latex/amsmath/amsgen.sty)) (/export/home/brian/.TinyTeX/texmf-dist/tex/latex/amsmath/amsbsy.sty) (/export/home/brian/.TinyTeX/texmf-dist/tex/latex/amsmath/amsopn.sty)) (/export/home/brian/.TinyTeX/texmf-dist/tex/latex/amsfonts/amsfonts.sty) (/export/home/brian/.TinyTeX/texmf-dist/tex/latex/amsfonts/amssymb.sty) (/export/home/brian/.TinyTeX/texmf-dist/tex/latex/amsfonts/eucal.sty) (/export/home/brian/.TinyTeX/texmf-dist/tex/latex/base/fontenc.sty) (/export/home/brian/.TinyTeX/texmf-dist/tex/latex/psnfss/times.sty) (/export/home/brian/.TinyTeX/texmf-dist/tex/latex/inconsolata/zi4.sty `inconsolata-zi4' v1.12, 2019/05/17 Text macros for Inconsolata (msharpe) (/export/home/brian/.TinyTeX/texmf-dist/tex/latex/xkeyval/xkeyval.sty (/export/home/brian/.TinyTeX/texmf-dist/tex/generic/xkeyval/xkeyval.tex (/export/home/brian/.TinyTeX/texmf-dist/tex/generic/xkeyval/xkvutils.tex (/export/home/brian/.TinyTeX/texmf-dist/tex/generic/xkeyval/keyval.tex))))) (/export/home/brian/.TinyTeX/texmf-dist/tex/latex/graphics/color.sty (/export/home/brian/.TinyTeX/texmf-dist/tex/latex/graphics-cfg/color.cfg) (/export/home/brian/.TinyTeX/texmf-dist/tex/latex/graphics-def/pdftex.def) (/export/home/brian/.TinyTeX/texmf-dist/tex/latex/graphics/mathcolor.ltx)) (/export/home/brian/.TinyTeX/texmf-dist/tex/latex/hyperref/hyperref.sty (/export/home/brian/.TinyTeX/texmf-dist/tex/latex/kvsetkeys/kvsetkeys.sty) (/export/home/brian/.TinyTeX/texmf-dist/tex/generic/kvdefinekeys/kvdefinekeys.sty) (/export/home/brian/.TinyTeX/texmf-dist/tex/generic/pdfescape/pdfescape.sty (/export/home/brian/.TinyTeX/texmf-dist/tex/generic/ltxcmds/ltxcmds.sty) (/export/home/brian/.TinyTeX/texmf-dist/tex/generic/pdftexcmds/pdftexcmds.sty (/export/home/brian/.TinyTeX/texmf-dist/tex/generic/infwarerr/infwarerr.sty))) (/export/home/brian/.TinyTeX/texmf-dist/tex/latex/hycolor/hycolor.sty) (/export/home/brian/.TinyTeX/texmf-dist/tex/latex/hyperref/nameref.sty (/export/home/brian/.TinyTeX/texmf-dist/tex/latex/refcount/refcount.sty) (/export/home/brian/.TinyTeX/texmf-dist/tex/generic/gettitlestring/gettitlestring.sty (/export/home/brian/.TinyTeX/texmf-dist/tex/latex/kvoptions/kvoptions.sty))) (/export/home/brian/.TinyTeX/texmf-dist/tex/latex/etoolbox/etoolbox.sty) (/export/home/brian/.TinyTeX/texmf-dist/tex/generic/stringenc/stringenc.sty) (/export/home/brian/.TinyTeX/texmf-dist/tex/latex/hyperref/pd1enc.def) (/export/home/brian/.TinyTeX/texmf-dist/tex/generic/intcalc/intcalc.sty) (/export/home/brian/.TinyTeX/texmf-dist/tex/latex/hyperref/puenc.def) (/export/home/brian/.TinyTeX/texmf-dist/tex/generic/bitset/bitset.sty (/export/home/brian/.TinyTeX/texmf-dist/tex/generic/bigintcalc/bigintcalc.sty)) (/export/home/brian/.TinyTeX/texmf-dist/tex/latex/base/atbegshi-ltx.sty)) (/export/home/brian/.TinyTeX/texmf-dist/tex/latex/hyperref/hpdftex.def (/export/home/brian/.TinyTeX/texmf-dist/tex/latex/base/atveryend-ltx.sty) (/export/home/brian/.TinyTeX/texmf-dist/tex/latex/rerunfilecheck/rerunfilecheck.sty (/export/home/brian/.TinyTeX/texmf-dist/tex/generic/uniquecounter/uniquecounter.sty)))) (/export/home/brian/.TinyTeX/texmf-dist/tex/latex/base/makeidx.sty)
Writing index file Rd2.idx
(/export/home/brian/.TinyTeX/texmf-dist/tex/latex/psnfss/t1ptm.fd) (/export/home/brian/.TinyTeX/texmf-dist/tex/latex/l3backend/l3backend-pdftex.def)
No file Rd2.aux.
(/export/home/brian/.TinyTeX/texmf-dist/tex/latex/inconsolata/t1zi4.fd) (/export/home/brian/.TinyTeX/texmf-dist/tex/latex/amsfonts/umsa.fd) (/export/home/brian/.TinyTeX/texmf-dist/tex/latex/amsfonts/umsb.fd)
No file Rd2.toc.

[1{/export/home/brian/.TinyTeX/texmf-var/fonts/map/pdftex/updmap/pdftex.map}{/export/home/brian/.TinyTeX/texmf-dist/fonts/enc/dvips/base/8r.enc}{/export/home/brian/.TinyTeX/texmf-dist/fonts/enc/dvips/inconsolata/i4-t1-0.enc}]
No file Rd2.ind.

[2] (/tmp/RtmpNaqneZ/Rd2pdf144dfa794a1dff/Rd2.aux)

Package rerunfilecheck Warning: File `Rd2.out' has changed.
(rerunfilecheck)                Rerun to get outlines right
(rerunfilecheck)                or use package `bookmark'.

 )</export/home/brian/.TinyTeX/texmf-dist/fonts/type1/public/inconsolata/Inconsolata-zi4r.pfb></export/home/brian/.TinyTeX/texmf-dist/fonts/type1/urw/times/utmb8a.pfb></export/home/brian/.TinyTeX/texmf-dist/fonts/type1/urw/times/utmr8a.pfb></export/home/brian/.TinyTeX/texmf-dist/fonts/type1/urw/times/utmr8a.pfb></export/home/brian/.TinyTeX/texmf-dist/fonts/type1/urw/times/utmri8a.pfb>
Output written on Rd2.pdf (2 pages, 65829 bytes).
Transcript written on Rd2.log.
This is makeindex, version 2.15 [TeX Live 2022/dev] (kpathsea + Thai support).
Scanning input file Rd2.idx....done (1 entries accepted, 0 rejected).
Sorting entries...done (0 comparisons).
Generating output file Rd2.ind....done (5 lines written, 0 warnings).
Output written in Rd2.ind.
Transcript written in Rd2.ilg.
This is pdfTeX, Version 3.141592653-2.6-1.40.26 (TeX Live 2024) (preloaded format=pdflatex)
 restricted \write18 enabled.
entering extended mode
LaTeX2e <2024-11-01>
L3 programming layer <2024-11-02>
(./Rd2.tex
(/export/home/brian/.TinyTeX/texmf-dist/tex/latex/base/book.cls
Document Class: book 2024/06/29 v1.4n Standard LaTeX document class
(/export/home/brian/.TinyTeX/texmf-dist/tex/latex/base/bk10.clo)) (/usr/share/R/share/texmf/tex/latex/Rd.sty (/export/home/brian/.TinyTeX/texmf-dist/tex/latex/base/ifthen.sty) (/export/home/brian/.TinyTeX/texmf-dist/tex/generic/iftex/iftex.sty) (/export/home/brian/.TinyTeX/texmf-dist/tex/latex/tools/longtable.sty) (/export/home/brian/.TinyTeX/texmf-dist/tex/latex/tools/bm.sty) (/export/home/brian/.TinyTeX/texmf-dist/tex/latex/base/alltt.sty) (/export/home/brian/.TinyTeX/texmf-dist/tex/latex/tools/verbatim.sty) (/export/home/brian/.TinyTeX/texmf-dist/tex/latex/url/url.sty) (/export/home/brian/.TinyTeX/texmf-dist/tex/latex/base/textcomp.sty) (/export/home/brian/.TinyTeX/texmf-dist/tex/latex/amsmath/amsmath.sty
For additional information on amsmath, use the `?' option.
(/export/home/brian/.TinyTeX/texmf-dist/tex/latex/amsmath/amstext.sty (/export/home/brian/.TinyTeX/texmf-dist/tex/latex/amsmath/amsgen.sty)) (/export/home/brian/.TinyTeX/texmf-dist/tex/latex/amsmath/amsbsy.sty) (/export/home/brian/.TinyTeX/texmf-dist/tex/latex/amsmath/amsopn.sty)) (/export/home/brian/.TinyTeX/texmf-dist/tex/latex/amsfonts/amsfonts.sty) (/export/home/brian/.TinyTeX/texmf-dist/tex/latex/amsfonts/amssymb.sty) (/export/home/brian/.TinyTeX/texmf-dist/tex/latex/amsfonts/eucal.sty) (/export/home/brian/.TinyTeX/texmf-dist/tex/latex/base/fontenc.sty) (/export/home/brian/.TinyTeX/texmf-dist/tex/latex/psnfss/times.sty) (/export/home/brian/.TinyTeX/texmf-dist/tex/latex/inconsolata/zi4.sty `inconsolata-zi4' v1.12, 2019/05/17 Text macros for Inconsolata (msharpe) (/export/home/brian/.TinyTeX/texmf-dist/tex/latex/xkeyval/xkeyval.sty (/export/home/brian/.TinyTeX/texmf-dist/tex/generic/xkeyval/xkeyval.tex (/export/home/brian/.TinyTeX/texmf-dist/tex/generic/xkeyval/xkvutils.tex (/export/home/brian/.TinyTeX/texmf-dist/tex/generic/xkeyval/keyval.tex))))) (/export/home/brian/.TinyTeX/texmf-dist/tex/latex/graphics/color.sty (/export/home/brian/.TinyTeX/texmf-dist/tex/latex/graphics-cfg/color.cfg) (/export/home/brian/.TinyTeX/texmf-dist/tex/latex/graphics-def/pdftex.def) (/export/home/brian/.TinyTeX/texmf-dist/tex/latex/graphics/mathcolor.ltx)) (/export/home/brian/.TinyTeX/texmf-dist/tex/latex/hyperref/hyperref.sty (/export/home/brian/.TinyTeX/texmf-dist/tex/latex/kvsetkeys/kvsetkeys.sty) (/export/home/brian/.TinyTeX/texmf-dist/tex/generic/kvdefinekeys/kvdefinekeys.sty) (/export/home/brian/.TinyTeX/texmf-dist/tex/generic/pdfescape/pdfescape.sty (/export/home/brian/.TinyTeX/texmf-dist/tex/generic/ltxcmds/ltxcmds.sty) (/export/home/brian/.TinyTeX/texmf-dist/tex/generic/pdftexcmds/pdftexcmds.sty (/export/home/brian/.TinyTeX/texmf-dist/tex/generic/infwarerr/infwarerr.sty))) (/export/home/brian/.TinyTeX/texmf-dist/tex/latex/hycolor/hycolor.sty) (/export/home/brian/.TinyTeX/texmf-dist/tex/latex/hyperref/nameref.sty (/export/home/brian/.TinyTeX/texmf-dist/tex/latex/refcount/refcount.sty) (/export/home/brian/.TinyTeX/texmf-dist/tex/generic/gettitlestring/gettitlestring.sty (/export/home/brian/.TinyTeX/texmf-dist/tex/latex/kvoptions/kvoptions.sty))) (/export/home/brian/.TinyTeX/texmf-dist/tex/latex/etoolbox/etoolbox.sty) (/export/home/brian/.TinyTeX/texmf-dist/tex/generic/stringenc/stringenc.sty) (/export/home/brian/.TinyTeX/texmf-dist/tex/latex/hyperref/pd1enc.def) (/export/home/brian/.TinyTeX/texmf-dist/tex/generic/intcalc/intcalc.sty) (/export/home/brian/.TinyTeX/texmf-dist/tex/latex/hyperref/puenc.def) (/export/home/brian/.TinyTeX/texmf-dist/tex/generic/bitset/bitset.sty (/export/home/brian/.TinyTeX/texmf-dist/tex/generic/bigintcalc/bigintcalc.sty)) (/export/home/brian/.TinyTeX/texmf-dist/tex/latex/base/atbegshi-ltx.sty)) (/export/home/brian/.TinyTeX/texmf-dist/tex/latex/hyperref/hpdftex.def (/export/home/brian/.TinyTeX/texmf-dist/tex/latex/base/atveryend-ltx.sty) (/export/home/brian/.TinyTeX/texmf-dist/tex/latex/rerunfilecheck/rerunfilecheck.sty (/export/home/brian/.TinyTeX/texmf-dist/tex/generic/uniquecounter/uniquecounter.sty)))) (/export/home/brian/.TinyTeX/texmf-dist/tex/latex/base/makeidx.sty)
Writing index file Rd2.idx
(/export/home/brian/.TinyTeX/texmf-dist/tex/latex/psnfss/t1ptm.fd) (/export/home/brian/.TinyTeX/texmf-dist/tex/latex/l3backend/l3backend-pdftex.def) (/tmp/RtmpNaqneZ/Rd2pdf144dfa794a1dff/Rd2.aux) (/tmp/RtmpNaqneZ/Rd2pdf144dfa794a1dff/Rd2.out) (/tmp/RtmpNaqneZ/Rd2pdf144dfa794a1dff/Rd2.out) (/export/home/brian/.TinyTeX/texmf-dist/tex/latex/inconsolata/t1zi4.fd) (/export/home/brian/.TinyTeX/texmf-dist/tex/latex/amsfonts/umsa.fd) (/export/home/brian/.TinyTeX/texmf-dist/tex/latex/amsfonts/umsb.fd) (/tmp/RtmpNaqneZ/Rd2pdf144dfa794a1dff/Rd2.toc)
[1{/export/home/brian/.TinyTeX/texmf-var/fonts/map/pdftex/updmap/pdftex.map}{/export/home/brian/.TinyTeX/texmf-dist/fonts/enc/dvips/base/8r.enc}{/export/home/brian/.TinyTeX/texmf-dist/fonts/enc/dvips/inconsolata/i4-t1-0.enc}] (/tmp/RtmpNaqneZ/Rd2pdf144dfa794a1dff/Rd2.ind
[2]

[3]) (/tmp/RtmpNaqneZ/Rd2pdf144dfa794a1dff/Rd2.aux)

Package rerunfilecheck Warning: File `Rd2.out' has changed.
(rerunfilecheck)                Rerun to get outlines right
(rerunfilecheck)                or use package `bookmark'.

 )</export/home/brian/.TinyTeX/texmf-dist/fonts/type1/public/inconsolata/Inconsolata-zi4r.pfb></export/home/brian/.TinyTeX/texmf-dist/fonts/type1/urw/times/utmb8a.pfb></export/home/brian/.TinyTeX/texmf-dist/fonts/type1/urw/times/utmr8a.pfb></export/home/brian/.TinyTeX/texmf-dist/fonts/type1/urw/times/utmr8a.pfb></export/home/brian/.TinyTeX/texmf-dist/fonts/type1/urw/times/utmri8a.pfb>
Output written on Rd2.pdf (3 pages, 66417 bytes).
Transcript written on Rd2.log.
This is makeindex, version 2.15 [TeX Live 2022/dev] (kpathsea + Thai support).
Scanning input file Rd2.idx....done (1 entries accepted, 0 rejected).
Sorting entries...done (0 comparisons).
Generating output file Rd2.ind....done (5 lines written, 0 warnings).
Output written in Rd2.ind.
Transcript written in Rd2.ilg.
This is pdfTeX, Version 3.141592653-2.6-1.40.26 (TeX Live 2024) (preloaded format=pdflatex)
 restricted \write18 enabled.
entering extended mode
LaTeX2e <2024-11-01>
L3 programming layer <2024-11-02>
(./Rd2.tex
(/export/home/brian/.TinyTeX/texmf-dist/tex/latex/base/book.cls
Document Class: book 2024/06/29 v1.4n Standard LaTeX document class
(/export/home/brian/.TinyTeX/texmf-dist/tex/latex/base/bk10.clo)) (/usr/share/R/share/texmf/tex/latex/Rd.sty (/export/home/brian/.TinyTeX/texmf-dist/tex/latex/base/ifthen.sty) (/export/home/brian/.TinyTeX/texmf-dist/tex/generic/iftex/iftex.sty) (/export/home/brian/.TinyTeX/texmf-dist/tex/latex/tools/longtable.sty) (/export/home/brian/.TinyTeX/texmf-dist/tex/latex/tools/bm.sty) (/export/home/brian/.TinyTeX/texmf-dist/tex/latex/base/alltt.sty) (/export/home/brian/.TinyTeX/texmf-dist/tex/latex/tools/verbatim.sty) (/export/home/brian/.TinyTeX/texmf-dist/tex/latex/url/url.sty) (/export/home/brian/.TinyTeX/texmf-dist/tex/latex/base/textcomp.sty) (/export/home/brian/.TinyTeX/texmf-dist/tex/latex/amsmath/amsmath.sty
For additional information on amsmath, use the `?' option.
(/export/home/brian/.TinyTeX/texmf-dist/tex/latex/amsmath/amstext.sty (/export/home/brian/.TinyTeX/texmf-dist/tex/latex/amsmath/amsgen.sty)) (/export/home/brian/.TinyTeX/texmf-dist/tex/latex/amsmath/amsbsy.sty) (/export/home/brian/.TinyTeX/texmf-dist/tex/latex/amsmath/amsopn.sty)) (/export/home/brian/.TinyTeX/texmf-dist/tex/latex/amsfonts/amsfonts.sty) (/export/home/brian/.TinyTeX/texmf-dist/tex/latex/amsfonts/amssymb.sty) (/export/home/brian/.TinyTeX/texmf-dist/tex/latex/amsfonts/eucal.sty) (/export/home/brian/.TinyTeX/texmf-dist/tex/latex/base/fontenc.sty) (/export/home/brian/.TinyTeX/texmf-dist/tex/latex/psnfss/times.sty) (/export/home/brian/.TinyTeX/texmf-dist/tex/latex/inconsolata/zi4.sty `inconsolata-zi4' v1.12, 2019/05/17 Text macros for Inconsolata (msharpe) (/export/home/brian/.TinyTeX/texmf-dist/tex/latex/xkeyval/xkeyval.sty (/export/home/brian/.TinyTeX/texmf-dist/tex/generic/xkeyval/xkeyval.tex (/export/home/brian/.TinyTeX/texmf-dist/tex/generic/xkeyval/xkvutils.tex (/export/home/brian/.TinyTeX/texmf-dist/tex/generic/xkeyval/keyval.tex))))) (/export/home/brian/.TinyTeX/texmf-dist/tex/latex/graphics/color.sty (/export/home/brian/.TinyTeX/texmf-dist/tex/latex/graphics-cfg/color.cfg) (/export/home/brian/.TinyTeX/texmf-dist/tex/latex/graphics-def/pdftex.def) (/export/home/brian/.TinyTeX/texmf-dist/tex/latex/graphics/mathcolor.ltx)) (/export/home/brian/.TinyTeX/texmf-dist/tex/latex/hyperref/hyperref.sty (/export/home/brian/.TinyTeX/texmf-dist/tex/latex/kvsetkeys/kvsetkeys.sty) (/export/home/brian/.TinyTeX/texmf-dist/tex/generic/kvdefinekeys/kvdefinekeys.sty) (/export/home/brian/.TinyTeX/texmf-dist/tex/generic/pdfescape/pdfescape.sty (/export/home/brian/.TinyTeX/texmf-dist/tex/generic/ltxcmds/ltxcmds.sty) (/export/home/brian/.TinyTeX/texmf-dist/tex/generic/pdftexcmds/pdftexcmds.sty (/export/home/brian/.TinyTeX/texmf-dist/tex/generic/infwarerr/infwarerr.sty))) (/export/home/brian/.TinyTeX/texmf-dist/tex/latex/hycolor/hycolor.sty) (/export/home/brian/.TinyTeX/texmf-dist/tex/latex/hyperref/nameref.sty (/export/home/brian/.TinyTeX/texmf-dist/tex/latex/refcount/refcount.sty) (/export/home/brian/.TinyTeX/texmf-dist/tex/generic/gettitlestring/gettitlestring.sty (/export/home/brian/.TinyTeX/texmf-dist/tex/latex/kvoptions/kvoptions.sty))) (/export/home/brian/.TinyTeX/texmf-dist/tex/latex/etoolbox/etoolbox.sty) (/export/home/brian/.TinyTeX/texmf-dist/tex/generic/stringenc/stringenc.sty) (/export/home/brian/.TinyTeX/texmf-dist/tex/latex/hyperref/pd1enc.def) (/export/home/brian/.TinyTeX/texmf-dist/tex/generic/intcalc/intcalc.sty) (/export/home/brian/.TinyTeX/texmf-dist/tex/latex/hyperref/puenc.def) (/export/home/brian/.TinyTeX/texmf-dist/tex/generic/bitset/bitset.sty (/export/home/brian/.TinyTeX/texmf-dist/tex/generic/bigintcalc/bigintcalc.sty)) (/export/home/brian/.TinyTeX/texmf-dist/tex/latex/base/atbegshi-ltx.sty)) (/export/home/brian/.TinyTeX/texmf-dist/tex/latex/hyperref/hpdftex.def (/export/home/brian/.TinyTeX/texmf-dist/tex/latex/base/atveryend-ltx.sty) (/export/home/brian/.TinyTeX/texmf-dist/tex/latex/rerunfilecheck/rerunfilecheck.sty (/export/home/brian/.TinyTeX/texmf-dist/tex/generic/uniquecounter/uniquecounter.sty)))) (/export/home/brian/.TinyTeX/texmf-dist/tex/latex/base/makeidx.sty)
Writing index file Rd2.idx
(/export/home/brian/.TinyTeX/texmf-dist/tex/latex/psnfss/t1ptm.fd) (/export/home/brian/.TinyTeX/texmf-dist/tex/latex/l3backend/l3backend-pdftex.def) (/tmp/RtmpNaqneZ/Rd2pdf144dfa794a1dff/Rd2.aux) (/tmp/RtmpNaqneZ/Rd2pdf144dfa794a1dff/Rd2.out) (/tmp/RtmpNaqneZ/Rd2pdf144dfa794a1dff/Rd2.out) (/export/home/brian/.TinyTeX/texmf-dist/tex/latex/inconsolata/t1zi4.fd) (/export/home/brian/.TinyTeX/texmf-dist/tex/latex/amsfonts/umsa.fd) (/export/home/brian/.TinyTeX/texmf-dist/tex/latex/amsfonts/umsb.fd) (/tmp/RtmpNaqneZ/Rd2pdf144dfa794a1dff/Rd2.toc)
[1{/export/home/brian/.TinyTeX/texmf-var/fonts/map/pdftex/updmap/pdftex.map}{/export/home/brian/.TinyTeX/texmf-dist/fonts/enc/dvips/base/8r.enc}{/export/home/brian/.TinyTeX/texmf-dist/fonts/enc/dvips/inconsolata/i4-t1-0.enc}] (/tmp/RtmpNaqneZ/Rd2pdf144dfa794a1dff/Rd2.ind
[2]

[3]) (/tmp/RtmpNaqneZ/Rd2pdf144dfa794a1dff/Rd2.aux) )</export/home/brian/.TinyTeX/texmf-dist/fonts/type1/public/inconsolata/Inconsolata-zi4r.pfb></export/home/brian/.TinyTeX/texmf-dist/fonts/type1/urw/times/utmb8a.pfb></export/home/brian/.TinyTeX/texmf-dist/fonts/type1/urw/times/utmr8a.pfb></export/home/brian/.TinyTeX/texmf-dist/fonts/type1/urw/times/utmr8a.pfb></export/home/brian/.TinyTeX/texmf-dist/fonts/type1/urw/times/utmri8a.pfb>
Output written on Rd2.pdf (3 pages, 66831 bytes).
Transcript written on Rd2.log.
This is makeindex, version 2.15 [TeX Live 2022/dev] (kpathsea + Thai support).
Scanning input file Rd2.idx....done (1 entries accepted, 0 rejected).
Sorting entries...done (0 comparisons).
Generating output file Rd2.ind....done (5 lines written, 0 warnings).
Output written in Rd2.ind.
Transcript written in Rd2.ilg.
This is pdfTeX, Version 3.141592653-2.6-1.40.26 (TeX Live 2024) (preloaded format=pdflatex)
 restricted \write18 enabled.
entering extended mode
LaTeX2e <2024-11-01>
L3 programming layer <2024-11-02>
(./Rd2.tex
(/export/home/brian/.TinyTeX/texmf-dist/tex/latex/base/book.cls
Document Class: book 2024/06/29 v1.4n Standard LaTeX document class
(/export/home/brian/.TinyTeX/texmf-dist/tex/latex/base/bk10.clo)) (/usr/share/R/share/texmf/tex/latex/Rd.sty (/export/home/brian/.TinyTeX/texmf-dist/tex/latex/base/ifthen.sty) (/export/home/brian/.TinyTeX/texmf-dist/tex/generic/iftex/iftex.sty) (/export/home/brian/.TinyTeX/texmf-dist/tex/latex/tools/longtable.sty) (/export/home/brian/.TinyTeX/texmf-dist/tex/latex/tools/bm.sty) (/export/home/brian/.TinyTeX/texmf-dist/tex/latex/base/alltt.sty) (/export/home/brian/.TinyTeX/texmf-dist/tex/latex/tools/verbatim.sty) (/export/home/brian/.TinyTeX/texmf-dist/tex/latex/url/url.sty) (/export/home/brian/.TinyTeX/texmf-dist/tex/latex/base/textcomp.sty) (/export/home/brian/.TinyTeX/texmf-dist/tex/latex/amsmath/amsmath.sty
For additional information on amsmath, use the `?' option.
(/export/home/brian/.TinyTeX/texmf-dist/tex/latex/amsmath/amstext.sty (/export/home/brian/.TinyTeX/texmf-dist/tex/latex/amsmath/amsgen.sty)) (/export/home/brian/.TinyTeX/texmf-dist/tex/latex/amsmath/amsbsy.sty) (/export/home/brian/.TinyTeX/texmf-dist/tex/latex/amsmath/amsopn.sty)) (/export/home/brian/.TinyTeX/texmf-dist/tex/latex/amsfonts/amsfonts.sty) (/export/home/brian/.TinyTeX/texmf-dist/tex/latex/amsfonts/amssymb.sty) (/export/home/brian/.TinyTeX/texmf-dist/tex/latex/amsfonts/eucal.sty) (/export/home/brian/.TinyTeX/texmf-dist/tex/latex/base/fontenc.sty) (/export/home/brian/.TinyTeX/texmf-dist/tex/latex/psnfss/times.sty) (/export/home/brian/.TinyTeX/texmf-dist/tex/latex/inconsolata/zi4.sty `inconsolata-zi4' v1.12, 2019/05/17 Text macros for Inconsolata (msharpe) (/export/home/brian/.TinyTeX/texmf-dist/tex/latex/xkeyval/xkeyval.sty (/export/home/brian/.TinyTeX/texmf-dist/tex/generic/xkeyval/xkeyval.tex (/export/home/brian/.TinyTeX/texmf-dist/tex/generic/xkeyval/xkvutils.tex (/export/home/brian/.TinyTeX/texmf-dist/tex/generic/xkeyval/keyval.tex))))) (/export/home/brian/.TinyTeX/texmf-dist/tex/latex/graphics/color.sty (/export/home/brian/.TinyTeX/texmf-dist/tex/latex/graphics-cfg/color.cfg) (/export/home/brian/.TinyTeX/texmf-dist/tex/latex/graphics-def/pdftex.def) (/export/home/brian/.TinyTeX/texmf-dist/tex/latex/graphics/mathcolor.ltx)) (/export/home/brian/.TinyTeX/texmf-dist/tex/latex/hyperref/hyperref.sty (/export/home/brian/.TinyTeX/texmf-dist/tex/latex/kvsetkeys/kvsetkeys.sty) (/export/home/brian/.TinyTeX/texmf-dist/tex/generic/kvdefinekeys/kvdefinekeys.sty) (/export/home/brian/.TinyTeX/texmf-dist/tex/generic/pdfescape/pdfescape.sty (/export/home/brian/.TinyTeX/texmf-dist/tex/generic/ltxcmds/ltxcmds.sty) (/export/home/brian/.TinyTeX/texmf-dist/tex/generic/pdftexcmds/pdftexcmds.sty (/export/home/brian/.TinyTeX/texmf-dist/tex/generic/infwarerr/infwarerr.sty))) (/export/home/brian/.TinyTeX/texmf-dist/tex/latex/hycolor/hycolor.sty) (/export/home/brian/.TinyTeX/texmf-dist/tex/latex/hyperref/nameref.sty (/export/home/brian/.TinyTeX/texmf-dist/tex/latex/refcount/refcount.sty) (/export/home/brian/.TinyTeX/texmf-dist/tex/generic/gettitlestring/gettitlestring.sty (/export/home/brian/.TinyTeX/texmf-dist/tex/latex/kvoptions/kvoptions.sty))) (/export/home/brian/.TinyTeX/texmf-dist/tex/latex/etoolbox/etoolbox.sty) (/export/home/brian/.TinyTeX/texmf-dist/tex/generic/stringenc/stringenc.sty) (/export/home/brian/.TinyTeX/texmf-dist/tex/latex/hyperref/pd1enc.def) (/export/home/brian/.TinyTeX/texmf-dist/tex/generic/intcalc/intcalc.sty) (/export/home/brian/.TinyTeX/texmf-dist/tex/latex/hyperref/puenc.def) (/export/home/brian/.TinyTeX/texmf-dist/tex/generic/bitset/bitset.sty (/export/home/brian/.TinyTeX/texmf-dist/tex/generic/bigintcalc/bigintcalc.sty)) (/export/home/brian/.TinyTeX/texmf-dist/tex/latex/base/atbegshi-ltx.sty)) (/export/home/brian/.TinyTeX/texmf-dist/tex/latex/hyperref/hpdftex.def (/export/home/brian/.TinyTeX/texmf-dist/tex/latex/base/atveryend-ltx.sty) (/export/home/brian/.TinyTeX/texmf-dist/tex/latex/rerunfilecheck/rerunfilecheck.sty (/export/home/brian/.TinyTeX/texmf-dist/tex/generic/uniquecounter/uniquecounter.sty)))) (/export/home/brian/.TinyTeX/texmf-dist/tex/latex/base/makeidx.sty)
Writing index file Rd2.idx
(/export/home/brian/.TinyTeX/texmf-dist/tex/latex/psnfss/t1ptm.fd) (/export/home/brian/.TinyTeX/texmf-dist/tex/latex/l3backend/l3backend-pdftex.def) (/tmp/RtmpNaqneZ/Rd2pdf144dfa794a1dff/Rd2.aux) (/tmp/RtmpNaqneZ/Rd2pdf144dfa794a1dff/Rd2.out) (/tmp/RtmpNaqneZ/Rd2pdf144dfa794a1dff/Rd2.out) (/export/home/brian/.TinyTeX/texmf-dist/tex/latex/inconsolata/t1zi4.fd) (/export/home/brian/.TinyTeX/texmf-dist/tex/latex/amsfonts/umsa.fd) (/export/home/brian/.TinyTeX/texmf-dist/tex/latex/amsfonts/umsb.fd) (/tmp/RtmpNaqneZ/Rd2pdf144dfa794a1dff/Rd2.toc)
[1{/export/home/brian/.TinyTeX/texmf-var/fonts/map/pdftex/updmap/pdftex.map}{/export/home/brian/.TinyTeX/texmf-dist/fonts/enc/dvips/base/8r.enc}{/export/home/brian/.TinyTeX/texmf-dist/fonts/enc/dvips/inconsolata/i4-t1-0.enc}] (/tmp/RtmpNaqneZ/Rd2pdf144dfa794a1dff/Rd2.ind
[2]

[3]) (/tmp/RtmpNaqneZ/Rd2pdf144dfa794a1dff/Rd2.aux) )</export/home/brian/.TinyTeX/texmf-dist/fonts/type1/public/inconsolata/Inconsolata-zi4r.pfb></export/home/brian/.TinyTeX/texmf-dist/fonts/type1/urw/times/utmb8a.pfb></export/home/brian/.TinyTeX/texmf-dist/fonts/type1/urw/times/utmr8a.pfb></export/home/brian/.TinyTeX/texmf-dist/fonts/type1/urw/times/utmr8a.pfb></export/home/brian/.TinyTeX/texmf-dist/fonts/type1/urw/times/utmri8a.pfb>
Output written on Rd2.pdf (3 pages, 66831 bytes).
Transcript written on Rd2.log.
Saving output to ‘multimolang-manual.pdf’ ...
Done
You may want to clean up by 'rm -Rf /tmp/RtmpNaqneZ/Rd2pdf144dfa794a1dff'
